This file contains any messages produced by compilers while
running configure, to aid debugging if configure makes a mistake.

It was created by faac configure 1.29.9.2, which was
generated by GNU Autoconf 2.69.  Invocation command line was

  $ /Users/zhangalan/Desktop/faac/configure --enable-static --with-pic --host=arm-apple-darwin --prefix=/Users/zhangalan/Desktop/thin-faac/arm64 --disable-shared --without-mp4v2

## --------- ##
## Platform. ##
## --------- ##

hostname = zhangalandeMacBook-Pro.local
uname -m = x86_64
uname -r = 19.0.0
uname -s = Darwin
uname -v = Darwin Kernel Version 19.0.0: Tue Jul 23 01:19:36 PDT 2019; root:xnu-6153.0.103.151.1~4/RELEASE_X86_64

/usr/bin/uname -p = i386
/bin/uname -X     = unknown

/bin/arch              = unknown
/usr/bin/arch -k       = unknown
/usr/convex/getsysinfo = unknown
/usr/bin/hostinfo      = Mach kernel version:
	 Darwin Kernel Version 19.0.0: Tue Jul 23 01:19:36 PDT 2019; root:xnu-6153.0.103.151.1~4/RELEASE_X86_64
Kernel configured for up to 4 processors.
2 processors are physically available.
4 processors are logically available.
Processor type: i486 (Intel 80486)
Processors active: 0 1 2 3
Primary memory available: 8.00 gigabytes
Default processor set: 389 tasks, 1417 threads, 4 processors
Load average: 1.44, Mach factor: 2.55
/bin/machine           = unknown
/usr/bin/oslevel       = unknown
/bin/universe          = unknown

PATH: /usr/local/bin
PATH: /usr/bin
PATH: /bin
PATH: /usr/sbin
PATH: /sbin
PATH: /Library/Apple/usr/bin
PATH: /Library/Apple/bin
PATH: /usr/local/go/bin


## ----------- ##
## Core tests. ##
## ----------- ##

configure:2572: checking for a BSD-compatible install
configure:2640: result: /usr/bin/install -c
configure:2651: checking whether build environment is sane
configure:2706: result: yes
configure:2765: checking for arm-apple-darwin-strip
configure:2795: result: no
configure:2805: checking for strip
configure:2821: found /usr/bin/strip
configure:2832: result: strip
configure:2857: checking for a thread-safe mkdir -p
configure:2896: result: /Users/zhangalan/Desktop/faac/./install-sh -c -d
configure:2903: checking for gawk
configure:2933: result: no
configure:2903: checking for mawk
configure:2933: result: no
configure:2903: checking for nawk
configure:2933: result: no
configure:2903: checking for awk
configure:2919: found /usr/bin/awk
configure:2930: result: awk
configure:2941: checking whether make sets $(MAKE)
configure:2963: result: yes
configure:2992: checking whether make supports nested variables
configure:3009: result: yes
configure:3161: checking for arm-apple-darwin-gcc
configure:3188: result: xcrun -sdk iphoneos clang -Wno-error=unused-command-line-argument-hard-error-in-future
configure:3457: checking for C compiler version
configure:3466: xcrun -sdk iphoneos clang -Wno-error=unused-command-line-argument-hard-error-in-future --version >&5
Apple clang version 11.0.0 (clang-1100.0.32.5)
Target: x86_64-apple-darwin19.0.0
Thread model: posix
InstalledDir: /Applications/Xcode.app/Contents/Developer/Toolchains/XcodeDefault.xctoolchain/usr/bin
configure:3477: $? = 0
configure:3466: xcrun -sdk iphoneos clang -Wno-error=unused-command-line-argument-hard-error-in-future -v >&5
Apple clang version 11.0.0 (clang-1100.0.32.5)
Target: x86_64-apple-darwin19.0.0
Thread model: posix
InstalledDir: /Applications/Xcode.app/Contents/Developer/Toolchains/XcodeDefault.xctoolchain/usr/bin
configure:3477: $? = 0
configure:3466: xcrun -sdk iphoneos clang -Wno-error=unused-command-line-argument-hard-error-in-future -V >&5
clang: error: unsupported option '-V -Wno-framework-include-private-from-public'
clang: error: no input files
configure:3477: $? = 1
configure:3466: xcrun -sdk iphoneos clang -Wno-error=unused-command-line-argument-hard-error-in-future -qversion >&5
clang: error: unknown argument '-qversion', did you mean '--version'?
clang: error: no input files
configure:3477: $? = 1
configure:3497: checking whether the C compiler works
configure:3519: xcrun -sdk iphoneos clang -Wno-error=unused-command-line-argument-hard-error-in-future -arch arm64  -arch arm64  -arch arm64  conftest.c  >&5
warning: unknown warning option '-Werror=unused-command-line-argument-hard-error-in-future'; did you mean '-Werror=unused-command-line-argument'? [-Wunknown-warning-option]
1 warning generated.
configure:3523: $? = 0
configure:3571: result: yes
configure:3574: checking for C compiler default output file name
configure:3576: result: a.out
configure:3582: checking for suffix of executables
configure:3589: xcrun -sdk iphoneos clang -Wno-error=unused-command-line-argument-hard-error-in-future -o conftest -arch arm64  -arch arm64  -arch arm64  conftest.c  >&5
warning: unknown warning option '-Werror=unused-command-line-argument-hard-error-in-future'; did you mean '-Werror=unused-command-line-argument'? [-Wunknown-warning-option]
1 warning generated.
configure:3593: $? = 0
configure:3615: result: 
configure:3637: checking whether we are cross compiling
configure:3645: xcrun -sdk iphoneos clang -Wno-error=unused-command-line-argument-hard-error-in-future -o conftest -arch arm64  -arch arm64  -arch arm64  conftest.c  >&5
warning: unknown warning option '-Werror=unused-command-line-argument-hard-error-in-future'; did you mean '-Werror=unused-command-line-argument'? [-Wunknown-warning-option]
1 warning generated.
configure:3649: $? = 0
configure:3656: ./conftest
/Users/zhangalan/Desktop/faac/configure: line 3658: ./conftest: Bad CPU type in executable
configure:3660: $? = 126
configure:3675: result: yes
configure:3680: checking for suffix of object files
configure:3702: xcrun -sdk iphoneos clang -Wno-error=unused-command-line-argument-hard-error-in-future -c -arch arm64  -arch arm64  conftest.c >&5
warning: unknown warning option '-Werror=unused-command-line-argument-hard-error-in-future'; did you mean '-Werror=unused-command-line-argument'? [-Wunknown-warning-option]
1 warning generated.
configure:3706: $? = 0
configure:3727: result: o
configure:3731: checking whether we are using the GNU C compiler
configure:3750: xcrun -sdk iphoneos clang -Wno-error=unused-command-line-argument-hard-error-in-future -c -arch arm64  -arch arm64  conftest.c >&5
warning: unknown warning option '-Werror=unused-command-line-argument-hard-error-in-future'; did you mean '-Werror=unused-command-line-argument'? [-Wunknown-warning-option]
1 warning generated.
configure:3750: $? = 0
configure:3759: result: yes
configure:3768: checking whether xcrun -sdk iphoneos clang -Wno-error=unused-command-line-argument-hard-error-in-future accepts -g
configure:3788: xcrun -sdk iphoneos clang -Wno-error=unused-command-line-argument-hard-error-in-future -c -g -arch arm64  conftest.c >&5
warning: unknown warning option '-Werror=unused-command-line-argument-hard-error-in-future'; did you mean '-Werror=unused-command-line-argument'? [-Wunknown-warning-option]
1 warning generated.
configure:3788: $? = 0
configure: failed program was:
| /* confdefs.h */
| #define PACKAGE_NAME "faac"
| #define PACKAGE_TARNAME "faac"
| #define PACKAGE_VERSION "1.29.9.2"
| #define PACKAGE_STRING "faac 1.29.9.2"
| #define PACKAGE_BUGREPORT "https://sourceforge.net/p/faac/bugs/"
| #define PACKAGE_URL ""
| #define PACKAGE "faac"
| #define VERSION "1.29.9.2"
| /* end confdefs.h.  */
| 
| int
| main ()
| {
| 
|   ;
|   return 0;
| }
configure:3803: xcrun -sdk iphoneos clang -Wno-error=unused-command-line-argument-hard-error-in-future -c  -arch arm64  conftest.c >&5
warning: unknown warning option '-Werror=unused-command-line-argument-hard-error-in-future'; did you mean '-Werror=unused-command-line-argument'? [-Wunknown-warning-option]
1 warning generated.
configure:3803: $? = 0
configure: failed program was:
| /* confdefs.h */
| #define PACKAGE_NAME "faac"
| #define PACKAGE_TARNAME "faac"
| #define PACKAGE_VERSION "1.29.9.2"
| #define PACKAGE_STRING "faac 1.29.9.2"
| #define PACKAGE_BUGREPORT "https://sourceforge.net/p/faac/bugs/"
| #define PACKAGE_URL ""
| #define PACKAGE "faac"
| #define VERSION "1.29.9.2"
| /* end confdefs.h.  */
| 
| int
| main ()
| {
| 
|   ;
|   return 0;
| }
configure:3819: xcrun -sdk iphoneos clang -Wno-error=unused-command-line-argument-hard-error-in-future -c -g -arch arm64  conftest.c >&5
warning: unknown warning option '-Werror=unused-command-line-argument-hard-error-in-future'; did you mean '-Werror=unused-command-line-argument'? [-Wunknown-warning-option]
1 warning generated.
configure:3819: $? = 0
configure:3829: result: yes
configure:3846: checking for xcrun -sdk iphoneos clang -Wno-error=unused-command-line-argument-hard-error-in-future option to accept ISO C89
configure:3909: xcrun -sdk iphoneos clang -Wno-error=unused-command-line-argument-hard-error-in-future  -c -arch arm64  -arch arm64  conftest.c >&5
warning: unknown warning option '-Werror=unused-command-line-argument-hard-error-in-future'; did you mean '-Werror=unused-command-line-argument'? [-Wunknown-warning-option]
1 warning generated.
configure:3909: $? = 0
configure:3922: result: none needed
configure:3947: checking whether xcrun -sdk iphoneos clang -Wno-error=unused-command-line-argument-hard-error-in-future understands -c and -o together
configure:3969: xcrun -sdk iphoneos clang -Wno-error=unused-command-line-argument-hard-error-in-future -c conftest.c -o conftest2.o
warning: unknown warning option '-Werror=unused-command-line-argument-hard-error-in-future'; did you mean '-Werror=unused-command-line-argument'? [-Wunknown-warning-option]
1 warning generated.
configure:3972: $? = 0
configure:3969: xcrun -sdk iphoneos clang -Wno-error=unused-command-line-argument-hard-error-in-future -c conftest.c -o conftest2.o
warning: unknown warning option '-Werror=unused-command-line-argument-hard-error-in-future'; did you mean '-Werror=unused-command-line-argument'? [-Wunknown-warning-option]
1 warning generated.
configure:3972: $? = 0
configure:3984: result: yes
configure:4012: checking for style of include used by make
configure:4040: result: GNU
configure:4066: checking dependency style of xcrun -sdk iphoneos clang -Wno-error=unused-command-line-argument-hard-error-in-future
configure:4177: result: gcc3
configure:4304: checking for C++ compiler version
configure:4313: xcrun -sdk iphoneos clang -Wno-error=unused-command-line-argument-hard-error-in-future --version >&5
Apple clang version 11.0.0 (clang-1100.0.32.5)
Target: x86_64-apple-darwin19.0.0
Thread model: posix
InstalledDir: /Applications/Xcode.app/Contents/Developer/Toolchains/XcodeDefault.xctoolchain/usr/bin
configure:4324: $? = 0
configure:4313: xcrun -sdk iphoneos clang -Wno-error=unused-command-line-argument-hard-error-in-future -v >&5
Apple clang version 11.0.0 (clang-1100.0.32.5)
Target: x86_64-apple-darwin19.0.0
Thread model: posix
InstalledDir: /Applications/Xcode.app/Contents/Developer/Toolchains/XcodeDefault.xctoolchain/usr/bin
configure:4324: $? = 0
configure:4313: xcrun -sdk iphoneos clang -Wno-error=unused-command-line-argument-hard-error-in-future -V >&5
clang: error: unsupported option '-V -Wno-framework-include-private-from-public'
clang: error: no input files
configure:4324: $? = 1
configure:4313: xcrun -sdk iphoneos clang -Wno-error=unused-command-line-argument-hard-error-in-future -qversion >&5
clang: error: unknown argument '-qversion', did you mean '--version'?
clang: error: no input files
configure:4324: $? = 1
configure:4328: checking whether we are using the GNU C++ compiler
configure:4347: xcrun -sdk iphoneos clang -Wno-error=unused-command-line-argument-hard-error-in-future -c -arch arm64  -arch arm64  conftest.cpp >&5
warning: unknown warning option '-Werror=unused-command-line-argument-hard-error-in-future'; did you mean '-Werror=unused-command-line-argument'? [-Wunknown-warning-option]
1 warning generated.
configure:4347: $? = 0
configure:4356: result: yes
configure:4365: checking whether xcrun -sdk iphoneos clang -Wno-error=unused-command-line-argument-hard-error-in-future accepts -g
configure:4385: xcrun -sdk iphoneos clang -Wno-error=unused-command-line-argument-hard-error-in-future -c -g -arch arm64  conftest.cpp >&5
warning: unknown warning option '-Werror=unused-command-line-argument-hard-error-in-future'; did you mean '-Werror=unused-command-line-argument'? [-Wunknown-warning-option]
1 warning generated.
configure:4385: $? = 0
configure: failed program was:
| /* confdefs.h */
| #define PACKAGE_NAME "faac"
| #define PACKAGE_TARNAME "faac"
| #define PACKAGE_VERSION "1.29.9.2"
| #define PACKAGE_STRING "faac 1.29.9.2"
| #define PACKAGE_BUGREPORT "https://sourceforge.net/p/faac/bugs/"
| #define PACKAGE_URL ""
| #define PACKAGE "faac"
| #define VERSION "1.29.9.2"
| /* end confdefs.h.  */
| 
| int
| main ()
| {
| 
|   ;
|   return 0;
| }
configure:4400: xcrun -sdk iphoneos clang -Wno-error=unused-command-line-argument-hard-error-in-future -c  -arch arm64  conftest.cpp >&5
warning: unknown warning option '-Werror=unused-command-line-argument-hard-error-in-future'; did you mean '-Werror=unused-command-line-argument'? [-Wunknown-warning-option]
1 warning generated.
configure:4400: $? = 0
configure: failed program was:
| /* confdefs.h */
| #define PACKAGE_NAME "faac"
| #define PACKAGE_TARNAME "faac"
| #define PACKAGE_VERSION "1.29.9.2"
| #define PACKAGE_STRING "faac 1.29.9.2"
| #define PACKAGE_BUGREPORT "https://sourceforge.net/p/faac/bugs/"
| #define PACKAGE_URL ""
| #define PACKAGE "faac"
| #define VERSION "1.29.9.2"
| /* end confdefs.h.  */
| 
| int
| main ()
| {
| 
|   ;
|   return 0;
| }
configure:4416: xcrun -sdk iphoneos clang -Wno-error=unused-command-line-argument-hard-error-in-future -c -g -arch arm64  conftest.cpp >&5
warning: unknown warning option '-Werror=unused-command-line-argument-hard-error-in-future'; did you mean '-Werror=unused-command-line-argument'? [-Wunknown-warning-option]
1 warning generated.
configure:4416: $? = 0
configure:4426: result: yes
configure:4451: checking dependency style of xcrun -sdk iphoneos clang -Wno-error=unused-command-line-argument-hard-error-in-future
configure:4562: result: gcc3
configure:4606: checking build system type
configure:4620: result: x86_64-apple-darwin19.0.0
configure:4640: checking host system type
configure:4653: result: arm-apple-darwin
configure:4694: checking how to print strings
configure:4721: result: printf
configure:4742: checking for a sed that does not truncate output
configure:4806: result: /usr/bin/sed
configure:4824: checking for grep that handles long lines and -e
configure:4882: result: /usr/bin/grep
configure:4887: checking for egrep
configure:4949: result: /usr/bin/grep -E
configure:4954: checking for fgrep
configure:5016: result: /usr/bin/grep -F
configure:5051: checking for ld used by xcrun -sdk iphoneos clang -Wno-error=unused-command-line-argument-hard-error-in-future
configure:5118: result: /Applications/Xcode.app/Contents/Developer/Toolchains/XcodeDefault.xctoolchain/usr/bin/ld
configure:5125: checking if the linker (/Applications/Xcode.app/Contents/Developer/Toolchains/XcodeDefault.xctoolchain/usr/bin/ld) is GNU ld
configure:5140: result: no
configure:5152: checking for BSD- or MS-compatible name lister (nm)
configure:5206: result: no
configure:5220: checking for arm-apple-darwin-dumpbin
configure:5250: result: no
configure:5220: checking for arm-apple-darwin-link
configure:5250: result: no
configure:5264: checking for dumpbin
configure:5294: result: no
configure:5264: checking for link
configure:5280: found /bin/link
configure:5291: result: link -dump
configure:5307: WARNING: using cross tools not prefixed with host triplet
configure:5336: checking the name lister (nm) interface
configure:5343: xcrun -sdk iphoneos clang -Wno-error=unused-command-line-argument-hard-error-in-future -c -arch arm64  -arch arm64  conftest.c >&5
warning: unknown warning option '-Werror=unused-command-line-argument-hard-error-in-future'; did you mean '-Werror=unused-command-line-argument'? [-Wunknown-warning-option]
1 warning generated.
configure:5346: nm "conftest.o"
configure:5349: output
0000000000000000 S _some_variable
0000000000000000 t ltmp0
0000000000000000 s ltmp1
configure:5356: result: BSD nm
configure:5359: checking whether ln -s works
configure:5363: result: yes
configure:5371: checking the maximum length of command line arguments
configure:5502: result: 196608
configure:5550: checking how to convert x86_64-apple-darwin19.0.0 file names to arm-apple-darwin format
configure:5590: result: func_convert_file_noop
configure:5597: checking how to convert x86_64-apple-darwin19.0.0 file names to toolchain format
configure:5617: result: func_convert_file_noop
configure:5624: checking for /Applications/Xcode.app/Contents/Developer/Toolchains/XcodeDefault.xctoolchain/usr/bin/ld option to reload object files
configure:5631: result: -r
configure:5665: checking for arm-apple-darwin-objdump
configure:5695: result: no
configure:5705: checking for objdump
configure:5721: found /usr/bin/objdump
configure:5732: result: objdump
configure:5764: checking how to recognize dependent libraries
configure:5964: result: pass_all
configure:6009: checking for arm-apple-darwin-dlltool
configure:6039: result: no
configure:6049: checking for dlltool
configure:6079: result: no
configure:6109: checking how to associate runtime and link libraries
configure:6136: result: printf %s\n
configure:6153: checking for arm-apple-darwin-ar
configure:6183: result: no
configure:6197: checking for ar
configure:6213: found /usr/bin/ar
configure:6224: result: ar
configure:6261: checking for archiver @FILE support
configure:6278: xcrun -sdk iphoneos clang -Wno-error=unused-command-line-argument-hard-error-in-future -c -arch arm64  -arch arm64  conftest.c >&5
warning: unknown warning option '-Werror=unused-command-line-argument-hard-error-in-future'; did you mean '-Werror=unused-command-line-argument'? [-Wunknown-warning-option]
1 warning generated.
configure:6278: $? = 0
configure:6281: ar cru libconftest.a @conftest.lst >&5
ar: @conftest.lst: No such file or directory
configure:6284: $? = 1
configure:6304: result: no
configure:6322: checking for arm-apple-darwin-strip
configure:6349: result: strip
configure:6421: checking for arm-apple-darwin-ranlib
configure:6451: result: no
configure:6461: checking for ranlib
configure:6477: found /usr/bin/ranlib
configure:6488: result: ranlib
configure:6590: checking command to parse nm output from xcrun -sdk iphoneos clang -Wno-error=unused-command-line-argument-hard-error-in-future object
configure:6743: xcrun -sdk iphoneos clang -Wno-error=unused-command-line-argument-hard-error-in-future -c -arch arm64  -arch arm64  conftest.c >&5
warning: unknown warning option '-Werror=unused-command-line-argument-hard-error-in-future'; did you mean '-Werror=unused-command-line-argument'? [-Wunknown-warning-option]
1 warning generated.
configure:6746: $? = 0
configure:6750: nm conftest.o \| sed -n -e 's/^.*[ ]\([BCDEGRST][BCDEGRST]*\)[ ][ ]*\([_A-Za-z][_A-Za-z0-9]*\)$/\1 \2 \2/p' | sed '/ __gnu_lto/d' \> conftest.nm
configure:6753: $? = 0
cannot find nm_test_var in conftest.nm
configure:6743: xcrun -sdk iphoneos clang -Wno-error=unused-command-line-argument-hard-error-in-future -c -arch arm64  -arch arm64  conftest.c >&5
warning: unknown warning option '-Werror=unused-command-line-argument-hard-error-in-future'; did you mean '-Werror=unused-command-line-argument'? [-Wunknown-warning-option]
1 warning generated.
configure:6746: $? = 0
configure:6750: nm conftest.o \| sed -n -e 's/^.*[ ]\([BCDEGRST][BCDEGRST]*\)[ ][ ]*_\([_A-Za-z][_A-Za-z0-9]*\)$/\1 _\2 \2/p' | sed '/ __gnu_lto/d' \> conftest.nm
configure:6753: $? = 0
configure:6819: xcrun -sdk iphoneos clang -Wno-error=unused-command-line-argument-hard-error-in-future -o conftest -arch arm64  -arch arm64  -arch arm64  conftest.c conftstm.o >&5
warning: unknown warning option '-Werror=unused-command-line-argument-hard-error-in-future'; did you mean '-Werror=unused-command-line-argument'? [-Wunknown-warning-option]
1 warning generated.
configure:6822: $? = 0
configure:6860: result: ok
configure:6907: checking for sysroot
configure:6937: result: no
configure:6944: checking for a working dd
configure:6982: result: /bin/dd
configure:6986: checking how to truncate binary pipes
configure:7001: result: /bin/dd bs=4096 count=1
configure:7290: checking for arm-apple-darwin-mt
configure:7320: result: no
configure:7330: checking for mt
configure:7360: result: no
configure:7380: checking if : is a manifest tool
configure:7386: : '-?'
configure:7394: result: no
configure:7410: checking for arm-apple-darwin-dsymutil
configure:7440: result: no
configure:7450: checking for dsymutil
configure:7466: found /usr/bin/dsymutil
configure:7477: result: dsymutil
configure:7502: checking for arm-apple-darwin-nmedit
configure:7532: result: no
configure:7542: checking for nmedit
configure:7558: found /usr/bin/nmedit
configure:7569: result: nmedit
configure:7594: checking for arm-apple-darwin-lipo
configure:7624: result: no
configure:7634: checking for lipo
configure:7650: found /usr/bin/lipo
configure:7661: result: lipo
configure:7686: checking for arm-apple-darwin-otool
configure:7716: result: no
configure:7726: checking for otool
configure:7742: found /usr/bin/otool
configure:7753: result: otool
configure:7778: checking for arm-apple-darwin-otool64
configure:7808: result: no
configure:7818: checking for otool64
configure:7848: result: no
configure:7893: checking for -single_module linker flag
xcrun -sdk iphoneos clang -Wno-error=unused-command-line-argument-hard-error-in-future -arch arm64  -arch arm64  -o libconftest.dylib -dynamiclib -Wl,-single_module conftest.c
configure:7926: result: yes
configure:7929: checking for -exported_symbols_list linker flag
configure:7949: xcrun -sdk iphoneos clang -Wno-error=unused-command-line-argument-hard-error-in-future -o conftest -arch arm64  -arch arm64  -arch arm64  -Wl,-exported_symbols_list,conftest.sym conftest.c  >&5
warning: unknown warning option '-Werror=unused-command-line-argument-hard-error-in-future'; did you mean '-Werror=unused-command-line-argument'? [-Wunknown-warning-option]
1 warning generated.
configure:7949: $? = 0
configure:7959: result: yes
configure:7962: checking for -force_load linker flag
xcrun -sdk iphoneos clang -Wno-error=unused-command-line-argument-hard-error-in-future -arch arm64  -c -o conftest.o conftest.c
warning: unknown warning option '-Werror=unused-command-line-argument-hard-error-in-future'; did you mean '-Werror=unused-command-line-argument'? [-Wunknown-warning-option]
1 warning generated.
ar cru libconftest.a conftest.o
ranlib libconftest.a
xcrun -sdk iphoneos clang -Wno-error=unused-command-line-argument-hard-error-in-future -arch arm64  -arch arm64  -o conftest conftest.c -Wl,-force_load,./libconftest.a
configure:7994: result: yes
configure:8071: checking how to run the C preprocessor
configure:8102: xcrun -sdk iphoneos clang -Wno-error=unused-command-line-argument-hard-error-in-future -E -arch arm64  conftest.c
warning: unknown warning option '-Werror=unused-command-line-argument-hard-error-in-future'; did you mean '-Werror=unused-command-line-argument'? [-Wunknown-warning-option]
1 warning generated.
configure:8102: $? = 0
configure:8116: xcrun -sdk iphoneos clang -Wno-error=unused-command-line-argument-hard-error-in-future -E -arch arm64  conftest.c
warning: unknown warning option '-Werror=unused-command-line-argument-hard-error-in-future'; did you mean '-Werror=unused-command-line-argument'? [-Wunknown-warning-option]
conftest.c:11:10: fatal error: 'ac_nonexistent.h' file not found
#include <ac_nonexistent.h>
         ^~~~~~~~~~~~~~~~~~
1 warning and 1 error generated.
configure:8116: $? = 1
configure: failed program was:
| /* confdefs.h */
| #define PACKAGE_NAME "faac"
| #define PACKAGE_TARNAME "faac"
| #define PACKAGE_VERSION "1.29.9.2"
| #define PACKAGE_STRING "faac 1.29.9.2"
| #define PACKAGE_BUGREPORT "https://sourceforge.net/p/faac/bugs/"
| #define PACKAGE_URL ""
| #define PACKAGE "faac"
| #define VERSION "1.29.9.2"
| /* end confdefs.h.  */
| #include <ac_nonexistent.h>
configure:8141: result: xcrun -sdk iphoneos clang -Wno-error=unused-command-line-argument-hard-error-in-future -E
configure:8161: xcrun -sdk iphoneos clang -Wno-error=unused-command-line-argument-hard-error-in-future -E -arch arm64  conftest.c
warning: unknown warning option '-Werror=unused-command-line-argument-hard-error-in-future'; did you mean '-Werror=unused-command-line-argument'? [-Wunknown-warning-option]
1 warning generated.
configure:8161: $? = 0
configure:8175: xcrun -sdk iphoneos clang -Wno-error=unused-command-line-argument-hard-error-in-future -E -arch arm64  conftest.c
warning: unknown warning option '-Werror=unused-command-line-argument-hard-error-in-future'; did you mean '-Werror=unused-command-line-argument'? [-Wunknown-warning-option]
conftest.c:11:10: fatal error: 'ac_nonexistent.h' file not found
#include <ac_nonexistent.h>
         ^~~~~~~~~~~~~~~~~~
1 warning and 1 error generated.
configure:8175: $? = 1
configure: failed program was:
| /* confdefs.h */
| #define PACKAGE_NAME "faac"
| #define PACKAGE_TARNAME "faac"
| #define PACKAGE_VERSION "1.29.9.2"
| #define PACKAGE_STRING "faac 1.29.9.2"
| #define PACKAGE_BUGREPORT "https://sourceforge.net/p/faac/bugs/"
| #define PACKAGE_URL ""
| #define PACKAGE "faac"
| #define VERSION "1.29.9.2"
| /* end confdefs.h.  */
| #include <ac_nonexistent.h>
configure:8204: checking for ANSI C header files
configure:8224: xcrun -sdk iphoneos clang -Wno-error=unused-command-line-argument-hard-error-in-future -c -arch arm64  -arch arm64  conftest.c >&5
warning: unknown warning option '-Werror=unused-command-line-argument-hard-error-in-future'; did you mean '-Werror=unused-command-line-argument'? [-Wunknown-warning-option]
1 warning generated.
configure:8224: $? = 0
warning: unknown warning option '-Werror=unused-command-line-argument-hard-error-in-future'; did you mean '-Werror=unused-command-line-argument'? [-Wunknown-warning-option]
1 warning generated.
warning: unknown warning option '-Werror=unused-command-line-argument-hard-error-in-future'; did you mean '-Werror=unused-command-line-argument'? [-Wunknown-warning-option]
1 warning generated.
configure:8308: result: yes
configure:8321: checking for sys/types.h
configure:8321: xcrun -sdk iphoneos clang -Wno-error=unused-command-line-argument-hard-error-in-future -c -arch arm64  -arch arm64  conftest.c >&5
warning: unknown warning option '-Werror=unused-command-line-argument-hard-error-in-future'; did you mean '-Werror=unused-command-line-argument'? [-Wunknown-warning-option]
1 warning generated.
configure:8321: $? = 0
configure:8321: result: yes
configure:8321: checking for sys/stat.h
configure:8321: xcrun -sdk iphoneos clang -Wno-error=unused-command-line-argument-hard-error-in-future -c -arch arm64  -arch arm64  conftest.c >&5
warning: unknown warning option '-Werror=unused-command-line-argument-hard-error-in-future'; did you mean '-Werror=unused-command-line-argument'? [-Wunknown-warning-option]
1 warning generated.
configure:8321: $? = 0
configure:8321: result: yes
configure:8321: checking for stdlib.h
configure:8321: xcrun -sdk iphoneos clang -Wno-error=unused-command-line-argument-hard-error-in-future -c -arch arm64  -arch arm64  conftest.c >&5
warning: unknown warning option '-Werror=unused-command-line-argument-hard-error-in-future'; did you mean '-Werror=unused-command-line-argument'? [-Wunknown-warning-option]
1 warning generated.
configure:8321: $? = 0
configure:8321: result: yes
configure:8321: checking for string.h
configure:8321: xcrun -sdk iphoneos clang -Wno-error=unused-command-line-argument-hard-error-in-future -c -arch arm64  -arch arm64  conftest.c >&5
warning: unknown warning option '-Werror=unused-command-line-argument-hard-error-in-future'; did you mean '-Werror=unused-command-line-argument'? [-Wunknown-warning-option]
1 warning generated.
configure:8321: $? = 0
configure:8321: result: yes
configure:8321: checking for memory.h
configure:8321: xcrun -sdk iphoneos clang -Wno-error=unused-command-line-argument-hard-error-in-future -c -arch arm64  -arch arm64  conftest.c >&5
warning: unknown warning option '-Werror=unused-command-line-argument-hard-error-in-future'; did you mean '-Werror=unused-command-line-argument'? [-Wunknown-warning-option]
1 warning generated.
configure:8321: $? = 0
configure:8321: result: yes
configure:8321: checking for strings.h
configure:8321: xcrun -sdk iphoneos clang -Wno-error=unused-command-line-argument-hard-error-in-future -c -arch arm64  -arch arm64  conftest.c >&5
warning: unknown warning option '-Werror=unused-command-line-argument-hard-error-in-future'; did you mean '-Werror=unused-command-line-argument'? [-Wunknown-warning-option]
1 warning generated.
configure:8321: $? = 0
configure:8321: result: yes
configure:8321: checking for inttypes.h
configure:8321: xcrun -sdk iphoneos clang -Wno-error=unused-command-line-argument-hard-error-in-future -c -arch arm64  -arch arm64  conftest.c >&5
warning: unknown warning option '-Werror=unused-command-line-argument-hard-error-in-future'; did you mean '-Werror=unused-command-line-argument'? [-Wunknown-warning-option]
1 warning generated.
configure:8321: $? = 0
configure:8321: result: yes
configure:8321: checking for stdint.h
configure:8321: xcrun -sdk iphoneos clang -Wno-error=unused-command-line-argument-hard-error-in-future -c -arch arm64  -arch arm64  conftest.c >&5
warning: unknown warning option '-Werror=unused-command-line-argument-hard-error-in-future'; did you mean '-Werror=unused-command-line-argument'? [-Wunknown-warning-option]
1 warning generated.
configure:8321: $? = 0
configure:8321: result: yes
configure:8321: checking for unistd.h
configure:8321: xcrun -sdk iphoneos clang -Wno-error=unused-command-line-argument-hard-error-in-future -c -arch arm64  -arch arm64  conftest.c >&5
warning: unknown warning option '-Werror=unused-command-line-argument-hard-error-in-future'; did you mean '-Werror=unused-command-line-argument'? [-Wunknown-warning-option]
1 warning generated.
configure:8321: $? = 0
configure:8321: result: yes
configure:8335: checking for dlfcn.h
configure:8335: xcrun -sdk iphoneos clang -Wno-error=unused-command-line-argument-hard-error-in-future -c -arch arm64  -arch arm64  conftest.c >&5
warning: unknown warning option '-Werror=unused-command-line-argument-hard-error-in-future'; did you mean '-Werror=unused-command-line-argument'? [-Wunknown-warning-option]
1 warning generated.
configure:8335: $? = 0
configure:8335: result: yes
configure:8602: checking for objdir
configure:8617: result: .libs
configure:8877: checking if xcrun -sdk iphoneos clang -Wno-error=unused-command-line-argument-hard-error-in-future supports -fno-rtti -fno-exceptions
configure:8895: xcrun -sdk iphoneos clang -Wno-error=unused-command-line-argument-hard-error-in-future -c -arch arm64  -arch arm64  -fno-rtti -fno-exceptions conftest.c >&5
warning: unknown warning option '-Werror=unused-command-line-argument-hard-error-in-future'; did you mean '-Werror=unused-command-line-argument'? [-Wunknown-warning-option]
1 warning generated.
configure:8899: $? = 0
configure:8912: result: yes
configure:9270: checking for xcrun -sdk iphoneos clang -Wno-error=unused-command-line-argument-hard-error-in-future option to produce PIC
configure:9277: result: -fno-common -DPIC
configure:9285: checking if xcrun -sdk iphoneos clang -Wno-error=unused-command-line-argument-hard-error-in-future PIC flag -fno-common -DPIC works
configure:9303: xcrun -sdk iphoneos clang -Wno-error=unused-command-line-argument-hard-error-in-future -c -arch arm64  -arch arm64  -fno-common -DPIC -DPIC conftest.c >&5
warning: unknown warning option '-Werror=unused-command-line-argument-hard-error-in-future'; did you mean '-Werror=unused-command-line-argument'? [-Wunknown-warning-option]
1 warning generated.
configure:9307: $? = 0
configure:9320: result: yes
configure:9349: checking if xcrun -sdk iphoneos clang -Wno-error=unused-command-line-argument-hard-error-in-future static flag -static works
configure:9377: result: no
configure:9392: checking if xcrun -sdk iphoneos clang -Wno-error=unused-command-line-argument-hard-error-in-future supports -c -o file.o
configure:9413: xcrun -sdk iphoneos clang -Wno-error=unused-command-line-argument-hard-error-in-future -c -arch arm64  -arch arm64  -o out/conftest2.o conftest.c >&5
warning: unknown warning option '-Werror=unused-command-line-argument-hard-error-in-future'; did you mean '-Werror=unused-command-line-argument'? [-Wunknown-warning-option]
1 warning generated.
configure:9417: $? = 0
configure:9439: result: yes
configure:9447: checking if xcrun -sdk iphoneos clang -Wno-error=unused-command-line-argument-hard-error-in-future supports -c -o file.o
configure:9494: result: yes
configure:9527: checking whether the xcrun -sdk iphoneos clang -Wno-error=unused-command-line-argument-hard-error-in-future linker (/Applications/Xcode.app/Contents/Developer/Toolchains/XcodeDefault.xctoolchain/usr/bin/ld) supports shared libraries
configure:10790: result: yes
configure:11030: checking dynamic linker characteristics
configure:11860: result: darwin dyld
configure:11982: checking how to hardcode library paths into programs
configure:12007: result: immediate
configure:12555: checking whether stripping libraries is possible
configure:12569: result: yes
configure:12595: checking if libtool supports shared libraries
configure:12597: result: yes
configure:12600: checking whether to build shared libraries
configure:12625: result: no
configure:12628: checking whether to build static libraries
configure:12632: result: yes
configure:12655: checking how to run the C++ preprocessor
configure:12682: xcrun -sdk iphoneos clang -Wno-error=unused-command-line-argument-hard-error-in-future -E -arch arm64  conftest.cpp
warning: unknown warning option '-Werror=unused-command-line-argument-hard-error-in-future'; did you mean '-Werror=unused-command-line-argument'? [-Wunknown-warning-option]
1 warning generated.
configure:12682: $? = 0
configure:12696: xcrun -sdk iphoneos clang -Wno-error=unused-command-line-argument-hard-error-in-future -E -arch arm64  conftest.cpp
warning: unknown warning option '-Werror=unused-command-line-argument-hard-error-in-future'; did you mean '-Werror=unused-command-line-argument'? [-Wunknown-warning-option]
conftest.cpp:23:10: fatal error: 'ac_nonexistent.h' file not found
#include <ac_nonexistent.h>
         ^~~~~~~~~~~~~~~~~~
1 warning and 1 error generated.
configure:12696: $? = 1
configure: failed program was:
| /* confdefs.h */
| #define PACKAGE_NAME "faac"
| #define PACKAGE_TARNAME "faac"
| #define PACKAGE_VERSION "1.29.9.2"
| #define PACKAGE_STRING "faac 1.29.9.2"
| #define PACKAGE_BUGREPORT "https://sourceforge.net/p/faac/bugs/"
| #define PACKAGE_URL ""
| #define PACKAGE "faac"
| #define VERSION "1.29.9.2"
| #define STDC_HEADERS 1
| #define HAVE_SYS_TYPES_H 1
| #define HAVE_SYS_STAT_H 1
| #define HAVE_STDLIB_H 1
| #define HAVE_STRING_H 1
| #define HAVE_MEMORY_H 1
| #define HAVE_STRINGS_H 1
| #define HAVE_INTTYPES_H 1
| #define HAVE_STDINT_H 1
| #define HAVE_UNISTD_H 1
| #define HAVE_DLFCN_H 1
| #define LT_OBJDIR ".libs/"
| /* end confdefs.h.  */
| #include <ac_nonexistent.h>
configure:12721: result: xcrun -sdk iphoneos clang -Wno-error=unused-command-line-argument-hard-error-in-future -E
configure:12741: xcrun -sdk iphoneos clang -Wno-error=unused-command-line-argument-hard-error-in-future -E -arch arm64  conftest.cpp
warning: unknown warning option '-Werror=unused-command-line-argument-hard-error-in-future'; did you mean '-Werror=unused-command-line-argument'? [-Wunknown-warning-option]
1 warning generated.
configure:12741: $? = 0
configure:12755: xcrun -sdk iphoneos clang -Wno-error=unused-command-line-argument-hard-error-in-future -E -arch arm64  conftest.cpp
warning: unknown warning option '-Werror=unused-command-line-argument-hard-error-in-future'; did you mean '-Werror=unused-command-line-argument'? [-Wunknown-warning-option]
conftest.cpp:23:10: fatal error: 'ac_nonexistent.h' file not found
#include <ac_nonexistent.h>
         ^~~~~~~~~~~~~~~~~~
1 warning and 1 error generated.
configure:12755: $? = 1
configure: failed program was:
| /* confdefs.h */
| #define PACKAGE_NAME "faac"
| #define PACKAGE_TARNAME "faac"
| #define PACKAGE_VERSION "1.29.9.2"
| #define PACKAGE_STRING "faac 1.29.9.2"
| #define PACKAGE_BUGREPORT "https://sourceforge.net/p/faac/bugs/"
| #define PACKAGE_URL ""
| #define PACKAGE "faac"
| #define VERSION "1.29.9.2"
| #define STDC_HEADERS 1
| #define HAVE_SYS_TYPES_H 1
| #define HAVE_SYS_STAT_H 1
| #define HAVE_STDLIB_H 1
| #define HAVE_STRING_H 1
| #define HAVE_MEMORY_H 1
| #define HAVE_STRINGS_H 1
| #define HAVE_INTTYPES_H 1
| #define HAVE_STDINT_H 1
| #define HAVE_UNISTD_H 1
| #define HAVE_DLFCN_H 1
| #define LT_OBJDIR ".libs/"
| /* end confdefs.h.  */
| #include <ac_nonexistent.h>
configure:12917: checking for ld used by xcrun -sdk iphoneos clang -Wno-error=unused-command-line-argument-hard-error-in-future
configure:12984: result: /Applications/Xcode.app/Contents/Developer/Toolchains/XcodeDefault.xctoolchain/usr/bin/ld
configure:12991: checking if the linker (/Applications/Xcode.app/Contents/Developer/Toolchains/XcodeDefault.xctoolchain/usr/bin/ld) is GNU ld
configure:13006: result: no
configure:13061: checking whether the xcrun -sdk iphoneos clang -Wno-error=unused-command-line-argument-hard-error-in-future linker (/Applications/Xcode.app/Contents/Developer/Toolchains/XcodeDefault.xctoolchain/usr/bin/ld) supports shared libraries
configure:14134: result: yes
configure:14170: xcrun -sdk iphoneos clang -Wno-error=unused-command-line-argument-hard-error-in-future -c -arch arm64  -arch arm64  conftest.cpp >&5
warning: unknown warning option '-Werror=unused-command-line-argument-hard-error-in-future'; did you mean '-Werror=unused-command-line-argument'? [-Wunknown-warning-option]
1 warning generated.
configure:14173: $? = 0
configure:14654: checking for xcrun -sdk iphoneos clang -Wno-error=unused-command-line-argument-hard-error-in-future option to produce PIC
configure:14661: result: -fno-common -DPIC
configure:14669: checking if xcrun -sdk iphoneos clang -Wno-error=unused-command-line-argument-hard-error-in-future PIC flag -fno-common -DPIC works
configure:14687: xcrun -sdk iphoneos clang -Wno-error=unused-command-line-argument-hard-error-in-future -c -arch arm64  -arch arm64  -fno-common -DPIC -DPIC conftest.cpp >&5
warning: unknown warning option '-Werror=unused-command-line-argument-hard-error-in-future'; did you mean '-Werror=unused-command-line-argument'? [-Wunknown-warning-option]
1 warning generated.
configure:14691: $? = 0
configure:14704: result: yes
configure:14727: checking if xcrun -sdk iphoneos clang -Wno-error=unused-command-line-argument-hard-error-in-future static flag -static works
configure:14755: result: no
configure:14767: checking if xcrun -sdk iphoneos clang -Wno-error=unused-command-line-argument-hard-error-in-future supports -c -o file.o
configure:14788: xcrun -sdk iphoneos clang -Wno-error=unused-command-line-argument-hard-error-in-future -c -arch arm64  -arch arm64  -o out/conftest2.o conftest.cpp >&5
warning: unknown warning option '-Werror=unused-command-line-argument-hard-error-in-future'; did you mean '-Werror=unused-command-line-argument'? [-Wunknown-warning-option]
1 warning generated.
configure:14792: $? = 0
configure:14814: result: yes
configure:14819: checking if xcrun -sdk iphoneos clang -Wno-error=unused-command-line-argument-hard-error-in-future supports -c -o file.o
configure:14866: result: yes
configure:14896: checking whether the xcrun -sdk iphoneos clang -Wno-error=unused-command-line-argument-hard-error-in-future linker (/Applications/Xcode.app/Contents/Developer/Toolchains/XcodeDefault.xctoolchain/usr/bin/ld) supports shared libraries
configure:14939: result: yes
configure:15080: checking dynamic linker characteristics
configure:15837: result: darwin dyld
configure:15902: checking how to hardcode library paths into programs
configure:15927: result: immediate
configure:15992: checking getopt.h usability
configure:15992: xcrun -sdk iphoneos clang -Wno-error=unused-command-line-argument-hard-error-in-future -c -arch arm64  -arch arm64  conftest.c >&5
warning: unknown warning option '-Werror=unused-command-line-argument-hard-error-in-future'; did you mean '-Werror=unused-command-line-argument'? [-Wunknown-warning-option]
1 warning generated.
configure:15992: $? = 0
configure:15992: result: yes
configure:15992: checking getopt.h presence
configure:15992: xcrun -sdk iphoneos clang -Wno-error=unused-command-line-argument-hard-error-in-future -E -arch arm64  conftest.c
warning: unknown warning option '-Werror=unused-command-line-argument-hard-error-in-future'; did you mean '-Werror=unused-command-line-argument'? [-Wunknown-warning-option]
1 warning generated.
configure:15992: $? = 0
configure:15992: result: yes
configure:15992: checking for getopt.h
configure:15992: result: yes
configure:15992: checking immintrin.h usability
configure:15992: xcrun -sdk iphoneos clang -Wno-error=unused-command-line-argument-hard-error-in-future -c -arch arm64  -arch arm64  conftest.c >&5
warning: unknown warning option '-Werror=unused-command-line-argument-hard-error-in-future'; did you mean '-Werror=unused-command-line-argument'? [-Wunknown-warning-option]
In file included from conftest.c:57:
In file included from /Applications/Xcode.app/Contents/Developer/Toolchains/XcodeDefault.xctoolchain/usr/lib/clang/11.0.0/include/immintrin.h:28:
/Applications/Xcode.app/Contents/Developer/Toolchains/XcodeDefault.xctoolchain/usr/lib/clang/11.0.0/include/mmintrin.h:64:12: error: invalid conversion between vector type '__m64' (vector of 1 'long long' value) and integer type 'int' of different size
    return (__m64)__builtin_ia32_vec_init_v2si(__i, 0);
           ^~~~~~~~~~~~~~~~~~~~~~~~~~~~~~~~~~~~~~~~~~~
/Applications/Xcode.app/Contents/Developer/Toolchains/XcodeDefault.xctoolchain/usr/lib/clang/11.0.0/include/mmintrin.h:143:12: error: invalid conversion between vector type '__m64' (vector of 1 'long long' value) and integer type 'int' of different size
    return (__m64)__builtin_ia32_packsswb((__v4hi)__m1, (__v4hi)__m2);
           ^~~~~~~~~~~~~~~~~~~~~~~~~~~~~~~~~~~~~~~~~~~~~~~~~~~~~~~~~~
/Applications/Xcode.app/Contents/Developer/Toolchains/XcodeDefault.xctoolchain/usr/lib/clang/11.0.0/include/mmintrin.h:173:12: error: invalid conversion between vector type '__m64' (vector of 1 'long long' value) and integer type 'int' of different size
    return (__m64)__builtin_ia32_packssdw((__v2si)__m1, (__v2si)__m2);
           ^~~~~~~~~~~~~~~~~~~~~~~~~~~~~~~~~~~~~~~~~~~~~~~~~~~~~~~~~~
/Applications/Xcode.app/Contents/Developer/Toolchains/XcodeDefault.xctoolchain/usr/lib/clang/11.0.0/include/mmintrin.h:203:12: error: invalid conversion between vector type '__m64' (vector of 1 'long long' value) and integer type 'int' of different size
    return (__m64)__builtin_ia32_packuswb((__v4hi)__m1, (__v4hi)__m2);
           ^~~~~~~~~~~~~~~~~~~~~~~~~~~~~~~~~~~~~~~~~~~~~~~~~~~~~~~~~~
/Applications/Xcode.app/Contents/Developer/Toolchains/XcodeDefault.xctoolchain/usr/lib/clang/11.0.0/include/mmintrin.h:230:12: error: invalid conversion between vector type '__m64' (vector of 1 'long long' value) and integer type 'int' of different size
    return (__m64)__builtin_ia32_punpckhbw((__v8qi)__m1, (__v8qi)__m2);
           ^~~~~~~~~~~~~~~~~~~~~~~~~~~~~~~~~~~~~~~~~~~~~~~~~~~~~~~~~~~
/Applications/Xcode.app/Contents/Developer/Toolchains/XcodeDefault.xctoolchain/usr/lib/clang/11.0.0/include/mmintrin.h:253:12: error: invalid conversion between vector type '__m64' (vector of 1 'long long' value) and integer type 'int' of different size
    return (__m64)__builtin_ia32_punpckhwd((__v4hi)__m1, (__v4hi)__m2);
           ^~~~~~~~~~~~~~~~~~~~~~~~~~~~~~~~~~~~~~~~~~~~~~~~~~~~~~~~~~~
/Applications/Xcode.app/Contents/Developer/Toolchains/XcodeDefault.xctoolchain/usr/lib/clang/11.0.0/include/mmintrin.h:274:12: error: invalid conversion between vector type '__m64' (vector of 1 'long long' value) and integer type 'int' of different size
    return (__m64)__builtin_ia32_punpckhdq((__v2si)__m1, (__v2si)__m2);
           ^~~~~~~~~~~~~~~~~~~~~~~~~~~~~~~~~~~~~~~~~~~~~~~~~~~~~~~~~~~
/Applications/Xcode.app/Contents/Developer/Toolchains/XcodeDefault.xctoolchain/usr/lib/clang/11.0.0/include/mmintrin.h:301:12: error: invalid conversion between vector type '__m64' (vector of 1 'long long' value) and integer type 'int' of different size
    return (__m64)__builtin_ia32_punpcklbw((__v8qi)__m1, (__v8qi)__m2);
           ^~~~~~~~~~~~~~~~~~~~~~~~~~~~~~~~~~~~~~~~~~~~~~~~~~~~~~~~~~~
/Applications/Xcode.app/Contents/Developer/Toolchains/XcodeDefault.xctoolchain/usr/lib/clang/11.0.0/include/mmintrin.h:324:12: error: invalid conversion between vector type '__m64' (vector of 1 'long long' value) and integer type 'int' of different size
    return (__m64)__builtin_ia32_punpcklwd((__v4hi)__m1, (__v4hi)__m2);
           ^~~~~~~~~~~~~~~~~~~~~~~~~~~~~~~~~~~~~~~~~~~~~~~~~~~~~~~~~~~
/Applications/Xcode.app/Contents/Developer/Toolchains/XcodeDefault.xctoolchain/usr/lib/clang/11.0.0/include/mmintrin.h:345:12: error: invalid conversion between vector type '__m64' (vector of 1 'long long' value) and integer type 'int' of different size
    return (__m64)__builtin_ia32_punpckldq((__v2si)__m1, (__v2si)__m2);
           ^~~~~~~~~~~~~~~~~~~~~~~~~~~~~~~~~~~~~~~~~~~~~~~~~~~~~~~~~~~
/Applications/Xcode.app/Contents/Developer/Toolchains/XcodeDefault.xctoolchain/usr/lib/clang/11.0.0/include/mmintrin.h:366:12: error: invalid conversion between vector type '__m64' (vector of 1 'long long' value) and integer type 'int' of different size
    return (__m64)__builtin_ia32_paddb((__v8qi)__m1, (__v8qi)__m2);
           ^~~~~~~~~~~~~~~~~~~~~~~~~~~~~~~~~~~~~~~~~~~~~~~~~~~~~~~
/Applications/Xcode.app/Contents/Developer/Toolchains/XcodeDefault.xctoolchain/usr/lib/clang/11.0.0/include/mmintrin.h:387:12: error: invalid conversion between vector type '__m64' (vector of 1 'long long' value) and integer type 'int' of different size
    return (__m64)__builtin_ia32_paddw((__v4hi)__m1, (__v4hi)__m2);
           ^~~~~~~~~~~~~~~~~~~~~~~~~~~~~~~~~~~~~~~~~~~~~~~~~~~~~~~
/Applications/Xcode.app/Contents/Developer/Toolchains/XcodeDefault.xctoolchain/usr/lib/clang/11.0.0/include/mmintrin.h:408:12: error: invalid conversion between vector type '__m64' (vector of 1 'long long' value) and integer type 'int' of different size
    return (__m64)__builtin_ia32_paddd((__v2si)__m1, (__v2si)__m2);
           ^~~~~~~~~~~~~~~~~~~~~~~~~~~~~~~~~~~~~~~~~~~~~~~~~~~~~~~
/Applications/Xcode.app/Contents/Developer/Toolchains/XcodeDefault.xctoolchain/usr/lib/clang/11.0.0/include/mmintrin.h:430:12: error: invalid conversion between vector type '__m64' (vector of 1 'long long' value) and integer type 'int' of different size
    return (__m64)__builtin_ia32_paddsb((__v8qi)__m1, (__v8qi)__m2);
           ^~~~~~~~~~~~~~~~~~~~~~~~~~~~~~~~~~~~~~~~~~~~~~~~~~~~~~~~
/Applications/Xcode.app/Contents/Developer/Toolchains/XcodeDefault.xctoolchain/usr/lib/clang/11.0.0/include/mmintrin.h:453:12: error: invalid conversion between vector type '__m64' (vector of 1 'long long' value) and integer type 'int' of different size
    return (__m64)__builtin_ia32_paddsw((__v4hi)__m1, (__v4hi)__m2);
           ^~~~~~~~~~~~~~~~~~~~~~~~~~~~~~~~~~~~~~~~~~~~~~~~~~~~~~~~
/Applications/Xcode.app/Contents/Developer/Toolchains/XcodeDefault.xctoolchain/usr/lib/clang/11.0.0/include/mmintrin.h:475:12: error: invalid conversion between vector type '__m64' (vector of 1 'long long' value) and integer type 'int' of different size
    return (__m64)__builtin_ia32_paddusb((__v8qi)__m1, (__v8qi)__m2);
           ^~~~~~~~~~~~~~~~~~~~~~~~~~~~~~~~~~~~~~~~~~~~~~~~~~~~~~~~~
/Applications/Xcode.app/Contents/Developer/Toolchains/XcodeDefault.xctoolchain/usr/lib/clang/11.0.0/include/mmintrin.h:497:12: error: invalid conversion between vector type '__m64' (vector of 1 'long long' value) and integer type 'int' of different size
    return (__m64)__builtin_ia32_paddusw((__v4hi)__m1, (__v4hi)__m2);
           ^~~~~~~~~~~~~~~~~~~~~~~~~~~~~~~~~~~~~~~~~~~~~~~~~~~~~~~~~
/Applications/Xcode.app/Contents/Developer/Toolchains/XcodeDefault.xctoolchain/usr/lib/clang/11.0.0/include/mmintrin.h:518:12: error: invalid conversion between vector type '__m64' (vector of 1 'long long' value) and integer type 'int' of different size
    return (__m64)__builtin_ia32_psubb((__v8qi)__m1, (__v8qi)__m2);
           ^~~~~~~~~~~~~~~~~~~~~~~~~~~~~~~~~~~~~~~~~~~~~~~~~~~~~~~
/Applications/Xcode.app/Contents/Developer/Toolchains/XcodeDefault.xctoolchain/usr/lib/clang/11.0.0/include/mmintrin.h:539:12: error: invalid conversion between vector type '__m64' (vector of 1 'long long' value) and integer type 'int' of different size
    return (__m64)__builtin_ia32_psubw((__v4hi)__m1, (__v4hi)__m2);
           ^~~~~~~~~~~~~~~~~~~~~~~~~~~~~~~~~~~~~~~~~~~~~~~~~~~~~~~
fatal error: too many errors emitted, stopping now [-ferror-limit=]
1 warning and 20 errors generated.
configure:15992: $? = 1
configure: failed program was:
| /* confdefs.h */
| #define PACKAGE_NAME "faac"
| #define PACKAGE_TARNAME "faac"
| #define PACKAGE_VERSION "1.29.9.2"
| #define PACKAGE_STRING "faac 1.29.9.2"
| #define PACKAGE_BUGREPORT "https://sourceforge.net/p/faac/bugs/"
| #define PACKAGE_URL ""
| #define PACKAGE "faac"
| #define VERSION "1.29.9.2"
| #define STDC_HEADERS 1
| #define HAVE_SYS_TYPES_H 1
| #define HAVE_SYS_STAT_H 1
| #define HAVE_STDLIB_H 1
| #define HAVE_STRING_H 1
| #define HAVE_MEMORY_H 1
| #define HAVE_STRINGS_H 1
| #define HAVE_INTTYPES_H 1
| #define HAVE_STDINT_H 1
| #define HAVE_UNISTD_H 1
| #define HAVE_DLFCN_H 1
| #define LT_OBJDIR ".libs/"
| #define HAVE_GETOPT_H 1
| /* end confdefs.h.  */
| #include <stdio.h>
| #ifdef HAVE_SYS_TYPES_H
| # include <sys/types.h>
| #endif
| #ifdef HAVE_SYS_STAT_H
| # include <sys/stat.h>
| #endif
| #ifdef STDC_HEADERS
| # include <stdlib.h>
| # include <stddef.h>
| #else
| # ifdef HAVE_STDLIB_H
| #  include <stdlib.h>
| # endif
| #endif
| #ifdef HAVE_STRING_H
| # if !defined STDC_HEADERS && defined HAVE_MEMORY_H
| #  include <memory.h>
| # endif
| # include <string.h>
| #endif
| #ifdef HAVE_STRINGS_H
| # include <strings.h>
| #endif
| #ifdef HAVE_INTTYPES_H
| # include <inttypes.h>
| #endif
| #ifdef HAVE_STDINT_H
| # include <stdint.h>
| #endif
| #ifdef HAVE_UNISTD_H
| # include <unistd.h>
| #endif
| #include <immintrin.h>
configure:15992: result: no
configure:15992: checking immintrin.h presence
configure:15992: xcrun -sdk iphoneos clang -Wno-error=unused-command-line-argument-hard-error-in-future -E -arch arm64  conftest.c
warning: unknown warning option '-Werror=unused-command-line-argument-hard-error-in-future'; did you mean '-Werror=unused-command-line-argument'? [-Wunknown-warning-option]
1 warning generated.
configure:15992: $? = 0
configure:15992: result: yes
configure:15992: WARNING: immintrin.h: present but cannot be compiled
configure:15992: WARNING: immintrin.h:     check for missing prerequisite headers?
configure:15992: WARNING: immintrin.h: see the Autoconf documentation
configure:15992: WARNING: immintrin.h:     section "Present But Cannot Be Compiled"
configure:15992: WARNING: immintrin.h: proceeding with the compiler's result
configure:15992: checking for immintrin.h
configure:15992: result: no
configure:16003: checking whether strcasecmp is declared
configure:16003: xcrun -sdk iphoneos clang -Wno-error=unused-command-line-argument-hard-error-in-future -c -arch arm64  -arch arm64  conftest.c >&5
warning: unknown warning option '-Werror=unused-command-line-argument-hard-error-in-future'; did you mean '-Werror=unused-command-line-argument'? [-Wunknown-warning-option]
1 warning generated.
configure:16003: $? = 0
configure:16003: result: yes
configure:16011: checking for getopt_long in -lgnugetopt
configure:16036: xcrun -sdk iphoneos clang -Wno-error=unused-command-line-argument-hard-error-in-future -o conftest -arch arm64  -arch arm64  -arch arm64  conftest.c -lgnugetopt   >&5
warning: unknown warning option '-Werror=unused-command-line-argument-hard-error-in-future'; did you mean '-Werror=unused-command-line-argument'? [-Wunknown-warning-option]
1 warning generated.
ld: library not found for -lgnugetopt
clang: error: linker command failed with exit code 1 (use -v to see invocation)
configure:16036: $? = 1
configure: failed program was:
| /* confdefs.h */
| #define PACKAGE_NAME "faac"
| #define PACKAGE_TARNAME "faac"
| #define PACKAGE_VERSION "1.29.9.2"
| #define PACKAGE_STRING "faac 1.29.9.2"
| #define PACKAGE_BUGREPORT "https://sourceforge.net/p/faac/bugs/"
| #define PACKAGE_URL ""
| #define PACKAGE "faac"
| #define VERSION "1.29.9.2"
| #define STDC_HEADERS 1
| #define HAVE_SYS_TYPES_H 1
| #define HAVE_SYS_STAT_H 1
| #define HAVE_STDLIB_H 1
| #define HAVE_STRING_H 1
| #define HAVE_MEMORY_H 1
| #define HAVE_STRINGS_H 1
| #define HAVE_INTTYPES_H 1
| #define HAVE_STDINT_H 1
| #define HAVE_UNISTD_H 1
| #define HAVE_DLFCN_H 1
| #define LT_OBJDIR ".libs/"
| #define HAVE_GETOPT_H 1
| #define HAVE_STRCASECMP 1
| /* end confdefs.h.  */
| 
| /* Override any GCC internal prototype to avoid an error.
|    Use char because int might match the return type of a GCC
|    builtin and then its argument prototype would still apply.  */
| #ifdef __cplusplus
| extern "C"
| #endif
| char getopt_long ();
| int
| main ()
| {
| return getopt_long ();
|   ;
|   return 0;
| }
configure:16045: result: no
configure:16101: checking for arm-apple-darwin-windres
configure:16131: result: no
configure:16141: checking for windres
configure:16171: result: no
configure:16191: checking whether byte ordering is bigendian
configure:16206: xcrun -sdk iphoneos clang -Wno-error=unused-command-line-argument-hard-error-in-future -c -arch arm64  -arch arm64  conftest.c >&5
warning: unknown warning option '-Werror=unused-command-line-argument-hard-error-in-future'; did you mean '-Werror=unused-command-line-argument'? [-Wunknown-warning-option]
1 warning generated.
configure:16206: $? = 0
configure:16251: xcrun -sdk iphoneos clang -Wno-error=unused-command-line-argument-hard-error-in-future -c -arch arm64  -arch arm64  conftest.c >&5
warning: unknown warning option '-Werror=unused-command-line-argument-hard-error-in-future'; did you mean '-Werror=unused-command-line-argument'? [-Wunknown-warning-option]
1 warning generated.
configure:16251: $? = 0
configure:16269: xcrun -sdk iphoneos clang -Wno-error=unused-command-line-argument-hard-error-in-future -c -arch arm64  -arch arm64  conftest.c >&5
warning: unknown warning option '-Werror=unused-command-line-argument-hard-error-in-future'; did you mean '-Werror=unused-command-line-argument'? [-Wunknown-warning-option]
conftest.c:32:4: error: use of undeclared identifier 'not'
                 not big endian
                 ^
1 warning and 1 error generated.
configure:16269: $? = 1
configure: failed program was:
| /* confdefs.h */
| #define PACKAGE_NAME "faac"
| #define PACKAGE_TARNAME "faac"
| #define PACKAGE_VERSION "1.29.9.2"
| #define PACKAGE_STRING "faac 1.29.9.2"
| #define PACKAGE_BUGREPORT "https://sourceforge.net/p/faac/bugs/"
| #define PACKAGE_URL ""
| #define PACKAGE "faac"
| #define VERSION "1.29.9.2"
| #define STDC_HEADERS 1
| #define HAVE_SYS_TYPES_H 1
| #define HAVE_SYS_STAT_H 1
| #define HAVE_STDLIB_H 1
| #define HAVE_STRING_H 1
| #define HAVE_MEMORY_H 1
| #define HAVE_STRINGS_H 1
| #define HAVE_INTTYPES_H 1
| #define HAVE_STDINT_H 1
| #define HAVE_UNISTD_H 1
| #define HAVE_DLFCN_H 1
| #define LT_OBJDIR ".libs/"
| #define HAVE_GETOPT_H 1
| #define HAVE_STRCASECMP 1
| /* end confdefs.h.  */
| #include <sys/types.h>
| 		#include <sys/param.h>
| 
| int
| main ()
| {
| #if BYTE_ORDER != BIG_ENDIAN
| 		 not big endian
| 		#endif
| 
|   ;
|   return 0;
| }
configure:16397: result: no
configure:16416: checking for ANSI C header files
configure:16520: result: yes
configure:16535: checking for special C compiler options needed for large files
configure:16580: result: no
configure:16586: checking for _FILE_OFFSET_BITS value needed for large files
configure:16611: xcrun -sdk iphoneos clang -Wno-error=unused-command-line-argument-hard-error-in-future -c -arch arm64  -arch arm64  conftest.c >&5
warning: unknown warning option '-Werror=unused-command-line-argument-hard-error-in-future'; did you mean '-Werror=unused-command-line-argument'? [-Wunknown-warning-option]
1 warning generated.
configure:16611: $? = 0
configure:16643: result: no
configure:16731: checking for stdint.h
configure:16731: result: yes
configure:16731: checking for inttypes.h
configure:16731: result: yes
configure:16743: checking mathf.h usability
configure:16743: xcrun -sdk iphoneos clang -Wno-error=unused-command-line-argument-hard-error-in-future -c -arch arm64  -arch arm64  conftest.c >&5
warning: unknown warning option '-Werror=unused-command-line-argument-hard-error-in-future'; did you mean '-Werror=unused-command-line-argument'? [-Wunknown-warning-option]
conftest.c:61:10: fatal error: 'mathf.h' file not found
#include <mathf.h>
         ^~~~~~~~~
1 warning and 1 error generated.
configure:16743: $? = 1
configure: failed program was:
| /* confdefs.h */
| #define PACKAGE_NAME "faac"
| #define PACKAGE_TARNAME "faac"
| #define PACKAGE_VERSION "1.29.9.2"
| #define PACKAGE_STRING "faac 1.29.9.2"
| #define PACKAGE_BUGREPORT "https://sourceforge.net/p/faac/bugs/"
| #define PACKAGE_URL ""
| #define PACKAGE "faac"
| #define VERSION "1.29.9.2"
| #define STDC_HEADERS 1
| #define HAVE_SYS_TYPES_H 1
| #define HAVE_SYS_STAT_H 1
| #define HAVE_STDLIB_H 1
| #define HAVE_STRING_H 1
| #define HAVE_MEMORY_H 1
| #define HAVE_STRINGS_H 1
| #define HAVE_INTTYPES_H 1
| #define HAVE_STDINT_H 1
| #define HAVE_UNISTD_H 1
| #define HAVE_DLFCN_H 1
| #define LT_OBJDIR ".libs/"
| #define HAVE_GETOPT_H 1
| #define HAVE_STRCASECMP 1
| #define STDC_HEADERS 1
| #define HAVE_STDINT_H 1
| #define HAVE_INTTYPES_H 1
| /* end confdefs.h.  */
| #include <stdio.h>
| #ifdef HAVE_SYS_TYPES_H
| # include <sys/types.h>
| #endif
| #ifdef HAVE_SYS_STAT_H
| # include <sys/stat.h>
| #endif
| #ifdef STDC_HEADERS
| # include <stdlib.h>
| # include <stddef.h>
| #else
| # ifdef HAVE_STDLIB_H
| #  include <stdlib.h>
| # endif
| #endif
| #ifdef HAVE_STRING_H
| # if !defined STDC_HEADERS && defined HAVE_MEMORY_H
| #  include <memory.h>
| # endif
| # include <string.h>
| #endif
| #ifdef HAVE_STRINGS_H
| # include <strings.h>
| #endif
| #ifdef HAVE_INTTYPES_H
| # include <inttypes.h>
| #endif
| #ifdef HAVE_STDINT_H
| # include <stdint.h>
| #endif
| #ifdef HAVE_UNISTD_H
| # include <unistd.h>
| #endif
| #include <mathf.h>
configure:16743: result: no
configure:16743: checking mathf.h presence
configure:16743: xcrun -sdk iphoneos clang -Wno-error=unused-command-line-argument-hard-error-in-future -E -arch arm64  conftest.c
warning: unknown warning option '-Werror=unused-command-line-argument-hard-error-in-future'; did you mean '-Werror=unused-command-line-argument'? [-Wunknown-warning-option]
conftest.c:28:10: fatal error: 'mathf.h' file not found
#include <mathf.h>
         ^~~~~~~~~
1 warning and 1 error generated.
configure:16743: $? = 1
configure: failed program was:
| /* confdefs.h */
| #define PACKAGE_NAME "faac"
| #define PACKAGE_TARNAME "faac"
| #define PACKAGE_VERSION "1.29.9.2"
| #define PACKAGE_STRING "faac 1.29.9.2"
| #define PACKAGE_BUGREPORT "https://sourceforge.net/p/faac/bugs/"
| #define PACKAGE_URL ""
| #define PACKAGE "faac"
| #define VERSION "1.29.9.2"
| #define STDC_HEADERS 1
| #define HAVE_SYS_TYPES_H 1
| #define HAVE_SYS_STAT_H 1
| #define HAVE_STDLIB_H 1
| #define HAVE_STRING_H 1
| #define HAVE_MEMORY_H 1
| #define HAVE_STRINGS_H 1
| #define HAVE_INTTYPES_H 1
| #define HAVE_STDINT_H 1
| #define HAVE_UNISTD_H 1
| #define HAVE_DLFCN_H 1
| #define LT_OBJDIR ".libs/"
| #define HAVE_GETOPT_H 1
| #define HAVE_STRCASECMP 1
| #define STDC_HEADERS 1
| #define HAVE_STDINT_H 1
| #define HAVE_INTTYPES_H 1
| /* end confdefs.h.  */
| #include <mathf.h>
configure:16743: result: no
configure:16743: checking for mathf.h
configure:16743: result: no
configure:16755: checking float.h usability
configure:16755: xcrun -sdk iphoneos clang -Wno-error=unused-command-line-argument-hard-error-in-future -c -arch arm64  -arch arm64  conftest.c >&5
warning: unknown warning option '-Werror=unused-command-line-argument-hard-error-in-future'; did you mean '-Werror=unused-command-line-argument'? [-Wunknown-warning-option]
1 warning generated.
configure:16755: $? = 0
configure:16755: result: yes
configure:16755: checking float.h presence
configure:16755: xcrun -sdk iphoneos clang -Wno-error=unused-command-line-argument-hard-error-in-future -E -arch arm64  conftest.c
warning: unknown warning option '-Werror=unused-command-line-argument-hard-error-in-future'; did you mean '-Werror=unused-command-line-argument'? [-Wunknown-warning-option]
1 warning generated.
configure:16755: $? = 0
configure:16755: result: yes
configure:16755: checking for float.h
configure:16755: result: yes
configure:16765: checking whether strchr is declared
configure:16765: xcrun -sdk iphoneos clang -Wno-error=unused-command-line-argument-hard-error-in-future -c -arch arm64  -arch arm64  conftest.c >&5
warning: unknown warning option '-Werror=unused-command-line-argument-hard-error-in-future'; did you mean '-Werror=unused-command-line-argument'? [-Wunknown-warning-option]
1 warning generated.
configure:16765: $? = 0
configure:16765: result: yes
configure:16772: checking whether memcpy is declared
configure:16772: xcrun -sdk iphoneos clang -Wno-error=unused-command-line-argument-hard-error-in-future -c -arch arm64  -arch arm64  conftest.c >&5
warning: unknown warning option '-Werror=unused-command-line-argument-hard-error-in-future'; did you mean '-Werror=unused-command-line-argument'? [-Wunknown-warning-option]
1 warning generated.
configure:16772: $? = 0
configure:16772: result: yes
configure:16779: checking whether strsep is declared
configure:16779: xcrun -sdk iphoneos clang -Wno-error=unused-command-line-argument-hard-error-in-future -c -arch arm64  -arch arm64  conftest.c >&5
warning: unknown warning option '-Werror=unused-command-line-argument-hard-error-in-future'; did you mean '-Werror=unused-command-line-argument'? [-Wunknown-warning-option]
1 warning generated.
configure:16779: $? = 0
configure:16779: result: yes
configure:16788: checking sys/time.h usability
configure:16788: xcrun -sdk iphoneos clang -Wno-error=unused-command-line-argument-hard-error-in-future -c -arch arm64  -arch arm64  conftest.c >&5
warning: unknown warning option '-Werror=unused-command-line-argument-hard-error-in-future'; did you mean '-Werror=unused-command-line-argument'? [-Wunknown-warning-option]
1 warning generated.
configure:16788: $? = 0
configure:16788: result: yes
configure:16788: checking sys/time.h presence
configure:16788: xcrun -sdk iphoneos clang -Wno-error=unused-command-line-argument-hard-error-in-future -E -arch arm64  conftest.c
warning: unknown warning option '-Werror=unused-command-line-argument-hard-error-in-future'; did you mean '-Werror=unused-command-line-argument'? [-Wunknown-warning-option]
1 warning generated.
configure:16788: $? = 0
configure:16788: result: yes
configure:16788: checking for sys/time.h
configure:16788: result: yes
configure:16798: checking whether time.h and sys/time.h may both be included
configure:16818: xcrun -sdk iphoneos clang -Wno-error=unused-command-line-argument-hard-error-in-future -c -arch arm64  -arch arm64  conftest.c >&5
warning: unknown warning option '-Werror=unused-command-line-argument-hard-error-in-future'; did you mean '-Werror=unused-command-line-argument'? [-Wunknown-warning-option]
1 warning generated.
configure:16818: $? = 0
configure:16825: result: yes
configure:16833: checking for off_t
configure:16833: xcrun -sdk iphoneos clang -Wno-error=unused-command-line-argument-hard-error-in-future -c -arch arm64  -arch arm64  conftest.c >&5
warning: unknown warning option '-Werror=unused-command-line-argument-hard-error-in-future'; did you mean '-Werror=unused-command-line-argument'? [-Wunknown-warning-option]
1 warning generated.
configure:16833: $? = 0
configure:16833: xcrun -sdk iphoneos clang -Wno-error=unused-command-line-argument-hard-error-in-future -c -arch arm64  -arch arm64  conftest.c >&5
warning: unknown warning option '-Werror=unused-command-line-argument-hard-error-in-future'; did you mean '-Werror=unused-command-line-argument'? [-Wunknown-warning-option]
conftest.c:70:20: error: expected expression
if (sizeof ((off_t)))
                   ^
1 warning and 1 error generated.
configure:16833: $? = 1
configure: failed program was:
| /* confdefs.h */
| #define PACKAGE_NAME "faac"
| #define PACKAGE_TARNAME "faac"
| #define PACKAGE_VERSION "1.29.9.2"
| #define PACKAGE_STRING "faac 1.29.9.2"
| #define PACKAGE_BUGREPORT "https://sourceforge.net/p/faac/bugs/"
| #define PACKAGE_URL ""
| #define PACKAGE "faac"
| #define VERSION "1.29.9.2"
| #define STDC_HEADERS 1
| #define HAVE_SYS_TYPES_H 1
| #define HAVE_SYS_STAT_H 1
| #define HAVE_STDLIB_H 1
| #define HAVE_STRING_H 1
| #define HAVE_MEMORY_H 1
| #define HAVE_STRINGS_H 1
| #define HAVE_INTTYPES_H 1
| #define HAVE_STDINT_H 1
| #define HAVE_UNISTD_H 1
| #define HAVE_DLFCN_H 1
| #define LT_OBJDIR ".libs/"
| #define HAVE_GETOPT_H 1
| #define HAVE_STRCASECMP 1
| #define STDC_HEADERS 1
| #define HAVE_STDINT_H 1
| #define HAVE_INTTYPES_H 1
| #define HAVE_FLOAT_H 1
| #define HAVE_STRCHR 1
| #define HAVE_MEMCPY 1
| #define HAVE_STRSEP 1
| #define HAVE_SYS_TIME_H 1
| #define TIME_WITH_SYS_TIME 1
| /* end confdefs.h.  */
| #include <stdio.h>
| #ifdef HAVE_SYS_TYPES_H
| # include <sys/types.h>
| #endif
| #ifdef HAVE_SYS_STAT_H
| # include <sys/stat.h>
| #endif
| #ifdef STDC_HEADERS
| # include <stdlib.h>
| # include <stddef.h>
| #else
| # ifdef HAVE_STDLIB_H
| #  include <stdlib.h>
| # endif
| #endif
| #ifdef HAVE_STRING_H
| # if !defined STDC_HEADERS && defined HAVE_MEMORY_H
| #  include <memory.h>
| # endif
| # include <string.h>
| #endif
| #ifdef HAVE_STRINGS_H
| # include <strings.h>
| #endif
| #ifdef HAVE_INTTYPES_H
| # include <inttypes.h>
| #endif
| #ifdef HAVE_STDINT_H
| # include <stdint.h>
| #endif
| #ifdef HAVE_UNISTD_H
| # include <unistd.h>
| #endif
| int
| main ()
| {
| if (sizeof ((off_t)))
| 	    return 0;
|   ;
|   return 0;
| }
configure:16833: result: yes
configure:16844: checking for in_port_t
configure:16844: xcrun -sdk iphoneos clang -Wno-error=unused-command-line-argument-hard-error-in-future -c -arch arm64  -arch arm64  conftest.c >&5
warning: unknown warning option '-Werror=unused-command-line-argument-hard-error-in-future'; did you mean '-Werror=unused-command-line-argument'? [-Wunknown-warning-option]
1 warning generated.
configure:16844: $? = 0
configure:16844: xcrun -sdk iphoneos clang -Wno-error=unused-command-line-argument-hard-error-in-future -c -arch arm64  -arch arm64  conftest.c >&5
warning: unknown warning option '-Werror=unused-command-line-argument-hard-error-in-future'; did you mean '-Werror=unused-command-line-argument'? [-Wunknown-warning-option]
conftest.c:41:24: error: expected expression
if (sizeof ((in_port_t)))
                       ^
1 warning and 1 error generated.
configure:16844: $? = 1
configure: failed program was:
| /* confdefs.h */
| #define PACKAGE_NAME "faac"
| #define PACKAGE_TARNAME "faac"
| #define PACKAGE_VERSION "1.29.9.2"
| #define PACKAGE_STRING "faac 1.29.9.2"
| #define PACKAGE_BUGREPORT "https://sourceforge.net/p/faac/bugs/"
| #define PACKAGE_URL ""
| #define PACKAGE "faac"
| #define VERSION "1.29.9.2"
| #define STDC_HEADERS 1
| #define HAVE_SYS_TYPES_H 1
| #define HAVE_SYS_STAT_H 1
| #define HAVE_STDLIB_H 1
| #define HAVE_STRING_H 1
| #define HAVE_MEMORY_H 1
| #define HAVE_STRINGS_H 1
| #define HAVE_INTTYPES_H 1
| #define HAVE_STDINT_H 1
| #define HAVE_UNISTD_H 1
| #define HAVE_DLFCN_H 1
| #define LT_OBJDIR ".libs/"
| #define HAVE_GETOPT_H 1
| #define HAVE_STRCASECMP 1
| #define STDC_HEADERS 1
| #define HAVE_STDINT_H 1
| #define HAVE_INTTYPES_H 1
| #define HAVE_FLOAT_H 1
| #define HAVE_STRCHR 1
| #define HAVE_MEMCPY 1
| #define HAVE_STRSEP 1
| #define HAVE_SYS_TIME_H 1
| #define TIME_WITH_SYS_TIME 1
| /* end confdefs.h.  */
| #include <sys/types.h>
| 	 #include <sys/socket.h>
| 	 #include <netinet/in.h>
| 
| int
| main ()
| {
| if (sizeof ((in_port_t)))
| 	    return 0;
|   ;
|   return 0;
| }
configure:16844: result: yes
configure:16856: checking for socklen_t
configure:16856: xcrun -sdk iphoneos clang -Wno-error=unused-command-line-argument-hard-error-in-future -c -arch arm64  -arch arm64  conftest.c >&5
warning: unknown warning option '-Werror=unused-command-line-argument-hard-error-in-future'; did you mean '-Werror=unused-command-line-argument'? [-Wunknown-warning-option]
1 warning generated.
configure:16856: $? = 0
configure:16856: xcrun -sdk iphoneos clang -Wno-error=unused-command-line-argument-hard-error-in-future -c -arch arm64  -arch arm64  conftest.c >&5
warning: unknown warning option '-Werror=unused-command-line-argument-hard-error-in-future'; did you mean '-Werror=unused-command-line-argument'? [-Wunknown-warning-option]
conftest.c:42:24: error: expected expression
if (sizeof ((socklen_t)))
                       ^
1 warning and 1 error generated.
configure:16856: $? = 1
configure: failed program was:
| /* confdefs.h */
| #define PACKAGE_NAME "faac"
| #define PACKAGE_TARNAME "faac"
| #define PACKAGE_VERSION "1.29.9.2"
| #define PACKAGE_STRING "faac 1.29.9.2"
| #define PACKAGE_BUGREPORT "https://sourceforge.net/p/faac/bugs/"
| #define PACKAGE_URL ""
| #define PACKAGE "faac"
| #define VERSION "1.29.9.2"
| #define STDC_HEADERS 1
| #define HAVE_SYS_TYPES_H 1
| #define HAVE_SYS_STAT_H 1
| #define HAVE_STDLIB_H 1
| #define HAVE_STRING_H 1
| #define HAVE_MEMORY_H 1
| #define HAVE_STRINGS_H 1
| #define HAVE_INTTYPES_H 1
| #define HAVE_STDINT_H 1
| #define HAVE_UNISTD_H 1
| #define HAVE_DLFCN_H 1
| #define LT_OBJDIR ".libs/"
| #define HAVE_GETOPT_H 1
| #define HAVE_STRCASECMP 1
| #define STDC_HEADERS 1
| #define HAVE_STDINT_H 1
| #define HAVE_INTTYPES_H 1
| #define HAVE_FLOAT_H 1
| #define HAVE_STRCHR 1
| #define HAVE_MEMCPY 1
| #define HAVE_STRSEP 1
| #define HAVE_SYS_TIME_H 1
| #define TIME_WITH_SYS_TIME 1
| #define HAVE_IN_PORT_T 1
| /* end confdefs.h.  */
| #include <sys/types.h>
| 	 #include <sys/socket.h>
| 	 #include <netinet/in.h>
| 
| int
| main ()
| {
| if (sizeof ((socklen_t)))
| 	    return 0;
|   ;
|   return 0;
| }
configure:16856: result: yes
configure:16869: checking for fpos_t.__pos
configure:16869: xcrun -sdk iphoneos clang -Wno-error=unused-command-line-argument-hard-error-in-future -c -arch arm64  -arch arm64  conftest.c >&5
warning: unknown warning option '-Werror=unused-command-line-argument-hard-error-in-future'; did you mean '-Werror=unused-command-line-argument'? [-Wunknown-warning-option]
conftest.c:42:12: error: member reference base type 'fpos_t' (aka 'long long') is not a structure or union
if (ac_aggr.__pos)
    ~~~~~~~^~~~~~
1 warning and 1 error generated.
configure:16869: $? = 1
configure: failed program was:
| /* confdefs.h */
| #define PACKAGE_NAME "faac"
| #define PACKAGE_TARNAME "faac"
| #define PACKAGE_VERSION "1.29.9.2"
| #define PACKAGE_STRING "faac 1.29.9.2"
| #define PACKAGE_BUGREPORT "https://sourceforge.net/p/faac/bugs/"
| #define PACKAGE_URL ""
| #define PACKAGE "faac"
| #define VERSION "1.29.9.2"
| #define STDC_HEADERS 1
| #define HAVE_SYS_TYPES_H 1
| #define HAVE_SYS_STAT_H 1
| #define HAVE_STDLIB_H 1
| #define HAVE_STRING_H 1
| #define HAVE_MEMORY_H 1
| #define HAVE_STRINGS_H 1
| #define HAVE_INTTYPES_H 1
| #define HAVE_STDINT_H 1
| #define HAVE_UNISTD_H 1
| #define HAVE_DLFCN_H 1
| #define LT_OBJDIR ".libs/"
| #define HAVE_GETOPT_H 1
| #define HAVE_STRCASECMP 1
| #define STDC_HEADERS 1
| #define HAVE_STDINT_H 1
| #define HAVE_INTTYPES_H 1
| #define HAVE_FLOAT_H 1
| #define HAVE_STRCHR 1
| #define HAVE_MEMCPY 1
| #define HAVE_STRSEP 1
| #define HAVE_SYS_TIME_H 1
| #define TIME_WITH_SYS_TIME 1
| #define HAVE_IN_PORT_T 1
| #define HAVE_SOCKLEN_T 1
| /* end confdefs.h.  */
| #include <stdio.h>
| 
| int
| main ()
| {
| static fpos_t ac_aggr;
| if (ac_aggr.__pos)
| return 0;
|   ;
|   return 0;
| }
configure:16869: xcrun -sdk iphoneos clang -Wno-error=unused-command-line-argument-hard-error-in-future -c -arch arm64  -arch arm64  conftest.c >&5
warning: unknown warning option '-Werror=unused-command-line-argument-hard-error-in-future'; did you mean '-Werror=unused-command-line-argument'? [-Wunknown-warning-option]
conftest.c:42:19: error: member reference base type 'fpos_t' (aka 'long long') is not a structure or union
if (sizeof ac_aggr.__pos)
           ~~~~~~~^~~~~~
1 warning and 1 error generated.
configure:16869: $? = 1
configure: failed program was:
| /* confdefs.h */
| #define PACKAGE_NAME "faac"
| #define PACKAGE_TARNAME "faac"
| #define PACKAGE_VERSION "1.29.9.2"
| #define PACKAGE_STRING "faac 1.29.9.2"
| #define PACKAGE_BUGREPORT "https://sourceforge.net/p/faac/bugs/"
| #define PACKAGE_URL ""
| #define PACKAGE "faac"
| #define VERSION "1.29.9.2"
| #define STDC_HEADERS 1
| #define HAVE_SYS_TYPES_H 1
| #define HAVE_SYS_STAT_H 1
| #define HAVE_STDLIB_H 1
| #define HAVE_STRING_H 1
| #define HAVE_MEMORY_H 1
| #define HAVE_STRINGS_H 1
| #define HAVE_INTTYPES_H 1
| #define HAVE_STDINT_H 1
| #define HAVE_UNISTD_H 1
| #define HAVE_DLFCN_H 1
| #define LT_OBJDIR ".libs/"
| #define HAVE_GETOPT_H 1
| #define HAVE_STRCASECMP 1
| #define STDC_HEADERS 1
| #define HAVE_STDINT_H 1
| #define HAVE_INTTYPES_H 1
| #define HAVE_FLOAT_H 1
| #define HAVE_STRCHR 1
| #define HAVE_MEMCPY 1
| #define HAVE_STRSEP 1
| #define HAVE_SYS_TIME_H 1
| #define TIME_WITH_SYS_TIME 1
| #define HAVE_IN_PORT_T 1
| #define HAVE_SOCKLEN_T 1
| /* end confdefs.h.  */
| #include <stdio.h>
| 
| int
| main ()
| {
| static fpos_t ac_aggr;
| if (sizeof ac_aggr.__pos)
| return 0;
|   ;
|   return 0;
| }
configure:16869: result: no
configure:16991: checking that generated files are newer than configure
configure:16997: result: done
configure:17041: creating ./config.status

## ---------------------- ##
## Running config.status. ##
## ---------------------- ##

This file was extended by faac config.status 1.29.9.2, which was
generated by GNU Autoconf 2.69.  Invocation command line was

  CONFIG_FILES    = 
  CONFIG_HEADERS  = 
  CONFIG_LINKS    = 
  CONFIG_COMMANDS = 
  $ ./config.status 

on zhangalandeMacBook-Pro.local

config.status:1168: creating common/Makefile
config.status:1168: creating libfaac/Makefile
config.status:1168: creating frontend/Makefile
config.status:1168: creating include/Makefile
config.status:1168: creating Makefile
config.status:1168: creating config.h
config.status:1382: executing depfiles commands
config.status:1382: executing libtool commands
configure:19448: WARNING: unrecognized options: --without-mp4v2

## ---------------- ##
## Cache variables. ##
## ---------------- ##

ac_cv_build=x86_64-apple-darwin19.0.0
ac_cv_c_bigendian=no
ac_cv_c_compiler_gnu=yes
ac_cv_cxx_compiler_gnu=yes
ac_cv_env_CCC_set=
ac_cv_env_CCC_value=
ac_cv_env_CC_set=set
ac_cv_env_CC_value='xcrun -sdk iphoneos clang -Wno-error=unused-command-line-argument-hard-error-in-future'
ac_cv_env_CFLAGS_set=set
ac_cv_env_CFLAGS_value='-arch arm64 '
ac_cv_env_CPPFLAGS_set=set
ac_cv_env_CPPFLAGS_value='-arch arm64 '
ac_cv_env_CPP_set=
ac_cv_env_CPP_value=
ac_cv_env_CXXCPP_set=
ac_cv_env_CXXCPP_value=
ac_cv_env_CXXFLAGS_set=set
ac_cv_env_CXXFLAGS_value='-arch arm64 '
ac_cv_env_CXX_set=set
ac_cv_env_CXX_value='xcrun -sdk iphoneos clang -Wno-error=unused-command-line-argument-hard-error-in-future'
ac_cv_env_LDFLAGS_set=set
ac_cv_env_LDFLAGS_value='-arch arm64 '
ac_cv_env_LIBS_set=
ac_cv_env_LIBS_value=
ac_cv_env_LT_SYS_LIBRARY_PATH_set=
ac_cv_env_LT_SYS_LIBRARY_PATH_value=
ac_cv_env_build_alias_set=
ac_cv_env_build_alias_value=
ac_cv_env_host_alias_set=set
ac_cv_env_host_alias_value=arm-apple-darwin
ac_cv_env_target_alias_set=
ac_cv_env_target_alias_value=
ac_cv_have_decl_memcpy=yes
ac_cv_have_decl_strcasecmp=yes
ac_cv_have_decl_strchr=yes
ac_cv_have_decl_strsep=yes
ac_cv_header_dlfcn_h=yes
ac_cv_header_float_h=yes
ac_cv_header_getopt_h=yes
ac_cv_header_immintrin_h=no
ac_cv_header_inttypes_h=yes
ac_cv_header_mathf_h=no
ac_cv_header_memory_h=yes
ac_cv_header_stdc=yes
ac_cv_header_stdint_h=yes
ac_cv_header_stdlib_h=yes
ac_cv_header_string_h=yes
ac_cv_header_strings_h=yes
ac_cv_header_sys_stat_h=yes
ac_cv_header_sys_time_h=yes
ac_cv_header_sys_types_h=yes
ac_cv_header_time=yes
ac_cv_header_unistd_h=yes
ac_cv_host=arm-apple-darwin
ac_cv_lib_gnugetopt_getopt_long=no
ac_cv_member_fpos_t___pos=no
ac_cv_objext=o
ac_cv_path_EGREP='/usr/bin/grep -E'
ac_cv_path_FGREP='/usr/bin/grep -F'
ac_cv_path_GREP=/usr/bin/grep
ac_cv_path_SED=/usr/bin/sed
ac_cv_path_install='/usr/bin/install -c'
ac_cv_path_lt_DD=/bin/dd
ac_cv_prog_AWK=awk
ac_cv_prog_CC='xcrun -sdk iphoneos clang -Wno-error=unused-command-line-argument-hard-error-in-future'
ac_cv_prog_CPP='xcrun -sdk iphoneos clang -Wno-error=unused-command-line-argument-hard-error-in-future -E'
ac_cv_prog_CXXCPP='xcrun -sdk iphoneos clang -Wno-error=unused-command-line-argument-hard-error-in-future -E'
ac_cv_prog_STRIP=strip
ac_cv_prog_ac_ct_AR=ar
ac_cv_prog_ac_ct_DSYMUTIL=dsymutil
ac_cv_prog_ac_ct_DUMPBIN='link -dump'
ac_cv_prog_ac_ct_LIPO=lipo
ac_cv_prog_ac_ct_NMEDIT=nmedit
ac_cv_prog_ac_ct_OBJDUMP=objdump
ac_cv_prog_ac_ct_OTOOL=otool
ac_cv_prog_ac_ct_RANLIB=ranlib
ac_cv_prog_ac_ct_STRIP=strip
ac_cv_prog_cc_c89=
ac_cv_prog_cc_g=yes
ac_cv_prog_cxx_g=yes
ac_cv_prog_make_make_set=yes
ac_cv_sys_file_offset_bits=no
ac_cv_sys_largefile_CC=no
ac_cv_type_in_port_t=yes
ac_cv_type_off_t=yes
ac_cv_type_socklen_t=yes
am_cv_CC_dependencies_compiler_type=gcc3
am_cv_CXX_dependencies_compiler_type=gcc3
am_cv_make_support_nested_variables=yes
am_cv_prog_cc_c_o=yes
lt_cv_apple_cc_single_mod=yes
lt_cv_ar_at_file=no
lt_cv_deplibs_check_method=pass_all
lt_cv_file_magic_cmd='$MAGIC_CMD'
lt_cv_file_magic_test_file=
lt_cv_ld_exported_symbols_list=yes
lt_cv_ld_force_load=yes
lt_cv_ld_reload_flag=-r
lt_cv_nm_interface='BSD nm'
lt_cv_objdir=.libs
lt_cv_path_LD=/Applications/Xcode.app/Contents/Developer/Toolchains/XcodeDefault.xctoolchain/usr/bin/ld
lt_cv_path_LDCXX=/Applications/Xcode.app/Contents/Developer/Toolchains/XcodeDefault.xctoolchain/usr/bin/ld
lt_cv_path_NM=no
lt_cv_path_mainfest_tool=no
lt_cv_prog_compiler_c_o=yes
lt_cv_prog_compiler_c_o_CXX=yes
lt_cv_prog_compiler_pic='-fno-common -DPIC'
lt_cv_prog_compiler_pic_CXX='-fno-common -DPIC'
lt_cv_prog_compiler_pic_works=yes
lt_cv_prog_compiler_pic_works_CXX=yes
lt_cv_prog_compiler_rtti_exceptions=yes
lt_cv_prog_compiler_static_works=no
lt_cv_prog_compiler_static_works_CXX=no
lt_cv_prog_gnu_ld=no
lt_cv_prog_gnu_ldcxx=no
lt_cv_sharedlib_from_linklib_cmd='printf %s\n'
lt_cv_sys_global_symbol_pipe='sed -n -e '\''s/^.*[	 ]\([BCDEGRST][BCDEGRST]*\)[	 ][	 ]*_\([_A-Za-z][_A-Za-z0-9]*\)$/\1 _\2 \2/p'\'' | sed '\''/ __gnu_lto/d'\'''
lt_cv_sys_global_symbol_to_c_name_address='sed -n -e '\''s/^: \(.*\) .*$/  {"\1", (void *) 0},/p'\'' -e '\''s/^[BCDEGRST][BCDEGRST]* .* \(.*\)$/  {"\1", (void *) \&\1},/p'\'''
lt_cv_sys_global_symbol_to_c_name_address_lib_prefix='sed -n -e '\''s/^: \(.*\) .*$/  {"\1", (void *) 0},/p'\'' -e '\''s/^[BCDEGRST][BCDEGRST]* .* \(lib.*\)$/  {"\1", (void *) \&\1},/p'\'' -e '\''s/^[BCDEGRST][BCDEGRST]* .* \(.*\)$/  {"lib\1", (void *) \&\1},/p'\'''
lt_cv_sys_global_symbol_to_cdecl='sed -n -e '\''s/^T .* \(.*\)$/extern int \1();/p'\'' -e '\''s/^[BCDEGRST][BCDEGRST]* .* \(.*\)$/extern char \1;/p'\'''
lt_cv_sys_global_symbol_to_import=
lt_cv_sys_max_cmd_len=196608
lt_cv_to_host_file_cmd=func_convert_file_noop
lt_cv_to_tool_file_cmd=func_convert_file_noop
lt_cv_truncate_bin='/bin/dd bs=4096 count=1'

## ----------------- ##
## Output variables. ##
## ----------------- ##

ACLOCAL='${SHELL} /Users/zhangalan/Desktop/faac/missing aclocal-1.15'
AMDEPBACKSLASH='\'
AMDEP_FALSE='#'
AMDEP_TRUE=''
AMTAR='$${TAR-tar}'
AM_BACKSLASH='\'
AM_DEFAULT_V='$(AM_DEFAULT_VERBOSITY)'
AM_DEFAULT_VERBOSITY='1'
AM_V='$(V)'
AR='ar'
AUTOCONF='${SHELL} /Users/zhangalan/Desktop/faac/missing autoconf'
AUTOHEADER='${SHELL} /Users/zhangalan/Desktop/faac/missing autoheader'
AUTOMAKE='${SHELL} /Users/zhangalan/Desktop/faac/missing automake-1.15'
AWK='awk'
CC='xcrun -sdk iphoneos clang -Wno-error=unused-command-line-argument-hard-error-in-future'
CCDEPMODE='depmode=gcc3'
CFLAGS='-arch arm64 '
CPP='xcrun -sdk iphoneos clang -Wno-error=unused-command-line-argument-hard-error-in-future -E'
CPPFLAGS='-arch arm64 '
CPUSSE_FALSE=''
CPUSSE_TRUE='#'
CXX='xcrun -sdk iphoneos clang -Wno-error=unused-command-line-argument-hard-error-in-future'
CXXCPP='xcrun -sdk iphoneos clang -Wno-error=unused-command-line-argument-hard-error-in-future -E'
CXXDEPMODE='depmode=gcc3'
CXXFLAGS='-arch arm64 '
CYGPATH_W='echo'
DEFS='-DHAVE_CONFIG_H'
DEPDIR='.deps'
DLLTOOL='false'
DSYMUTIL='dsymutil'
DUMPBIN=':'
ECHO_C='\c'
ECHO_N=''
ECHO_T=''
EGREP='/usr/bin/grep -E'
EXEEXT=''
FGREP='/usr/bin/grep -F'
GREP='/usr/bin/grep'
INSTALL_DATA='${INSTALL} -m 644'
INSTALL_PROGRAM='${INSTALL}'
INSTALL_SCRIPT='${INSTALL}'
INSTALL_STRIP_PROGRAM='$(install_sh) -c -s'
LD='/Applications/Xcode.app/Contents/Developer/Toolchains/XcodeDefault.xctoolchain/usr/bin/ld'
LDFLAGS='-arch arm64 '
LIBOBJS=''
LIBS=''
LIBTOOL='$(SHELL) $(top_builddir)/libtool'
LIPO='lipo'
LN_S='ln -s'
LTLIBOBJS=''
LT_SYS_LIBRARY_PATH=''
MAKEINFO='${SHELL} /Users/zhangalan/Desktop/faac/missing makeinfo'
MANIFEST_TOOL=':'
MINGW_FALSE=''
MINGW_TRUE='#'
MKDIR_P='/Users/zhangalan/Desktop/faac/./install-sh -c -d'
NM='nm'
NMEDIT='nmedit'
OBJDUMP='objdump'
OBJEXT='o'
OTOOL64=':'
OTOOL='otool'
PACKAGE='faac'
PACKAGE_BUGREPORT='https://sourceforge.net/p/faac/bugs/'
PACKAGE_NAME='faac'
PACKAGE_STRING='faac 1.29.9.2'
PACKAGE_TARNAME='faac'
PACKAGE_URL=''
PACKAGE_VERSION='1.29.9.2'
PATH_SEPARATOR=':'
RANLIB='ranlib'
SED='/usr/bin/sed'
SET_MAKE=''
SHELL='/bin/sh'
STRIP='strip'
USE_DRM_FALSE=''
USE_DRM_TRUE='#'
VERSION='1.29.9.2'
WINDRES=''
ac_ct_AR='ar'
ac_ct_CC=''
ac_ct_CXX=''
ac_ct_DUMPBIN='link -dump'
am__EXEEXT_FALSE=''
am__EXEEXT_TRUE='#'
am__fastdepCC_FALSE='#'
am__fastdepCC_TRUE=''
am__fastdepCXX_FALSE='#'
am__fastdepCXX_TRUE=''
am__include='include'
am__isrc=' -I$(srcdir)'
am__leading_dot='.'
am__nodep='_no'
am__quote=''
am__tar='$${TAR-tar} chof - "$$tardir"'
am__untar='$${TAR-tar} xf -'
bindir='${exec_prefix}/bin'
build='x86_64-apple-darwin19.0.0'
build_alias=''
build_cpu='x86_64'
build_os='darwin19.0.0'
build_vendor='apple'
datadir='${datarootdir}'
datarootdir='${prefix}/share'
docdir='${datarootdir}/doc/${PACKAGE_TARNAME}'
dvidir='${docdir}'
exec_prefix='${prefix}'
host='arm-apple-darwin'
host_alias='arm-apple-darwin'
host_cpu='arm'
host_os='darwin'
host_vendor='apple'
htmldir='${docdir}'
includedir='${prefix}/include'
infodir='${datarootdir}/info'
install_sh='${SHELL} /Users/zhangalan/Desktop/faac/install-sh'
libdir='${exec_prefix}/lib'
libexecdir='${exec_prefix}/libexec'
localedir='${datarootdir}/locale'
localstatedir='${prefix}/var'
mandir='${datarootdir}/man'
mkdir_p='$(MKDIR_P)'
oldincludedir='/usr/include'
pdfdir='${docdir}'
prefix='/Users/zhangalan/Desktop/thin-faac/arm64'
program_transform_name='s,x,x,'
psdir='${docdir}'
runstatedir='${localstatedir}/run'
sbindir='${exec_prefix}/sbin'
sharedstatedir='${prefix}/com'
sysconfdir='${prefix}/etc'
target_alias=''

## ----------- ##
## confdefs.h. ##
## ----------- ##

/* confdefs.h */
#define PACKAGE_NAME "faac"
#define PACKAGE_TARNAME "faac"
#define PACKAGE_VERSION "1.29.9.2"
#define PACKAGE_STRING "faac 1.29.9.2"
#define PACKAGE_BUGREPORT "https://sourceforge.net/p/faac/bugs/"
#define PACKAGE_URL ""
#define PACKAGE "faac"
#define VERSION "1.29.9.2"
#define STDC_HEADERS 1
#define HAVE_SYS_TYPES_H 1
#define HAVE_SYS_STAT_H 1
#define HAVE_STDLIB_H 1
#define HAVE_STRING_H 1
#define HAVE_MEMORY_H 1
#define HAVE_STRINGS_H 1
#define HAVE_INTTYPES_H 1
#define HAVE_STDINT_H 1
#define HAVE_UNISTD_H 1
#define HAVE_DLFCN_H 1
#define LT_OBJDIR ".libs/"
#define HAVE_GETOPT_H 1
#define HAVE_STRCASECMP 1
#define STDC_HEADERS 1
#define HAVE_STDINT_H 1
#define HAVE_INTTYPES_H 1
#define HAVE_FLOAT_H 1
#define HAVE_STRCHR 1
#define HAVE_MEMCPY 1
#define HAVE_STRSEP 1
#define HAVE_SYS_TIME_H 1
#define TIME_WITH_SYS_TIME 1
#define HAVE_IN_PORT_T 1
#define HAVE_SOCKLEN_T 1

configure: exit 0
