checking for -Werror=unknown-warning-option... yes
x264 configure script
Command line options: "--enable-static" "--enable-pic" "--disable-cli" "--host=i386-apple-darwin" "--extra-cflags=-arch" "i386" "-mios-simulator-version-min=9.0" "--extra-asflags=" "--extra-ldflags=-arch" "i386" "-mios-simulator-version-min=9.0" "--disable-asm" "--enable-shared" "--prefix=/Users/zyyk-ioskf1/Desktop/demos/ffmpegLearn/thin-x264/i386"

checking whether xcrun -sdk iphonesimulator clang works... yes
checking whether xcrun -sdk iphonesimulator clang supports for( int i = 0; i < 9; i++ ); with -std=gnu99... yes
checking for -mpreferred-stack-boundary=6... no
Failed commandline was:
--------------------------------------------------
xcrun -sdk iphonesimulator clang conftest.c -m32  -Wall -I. -I$(SRCPATH) -arch i386 -mios-simulator-version-min=9.0 -std=gnu99 -D_GNU_SOURCE  -Werror=unknown-warning-option -mpreferred-stack-boundary=6  -m32  -arch i386 -mios-simulator-version-min=9.0 -lm -o conftest
clang: error: unknown argument: '-mpreferred-stack-boundary=6'
--------------------------------------------------
Failed program was:
--------------------------------------------------
int main (void) {  return 0; }
--------------------------------------------------
checking for -mstack-alignment=64... yes
checking for pthread_create(0,0,0,0); in pthread.h... yes
checking for volatile float x = 2; return log2f(x); in math.h... yes
checking for strtok_r(0, 0, 0); in string.h... yes
checking for clock_gettime(CLOCK_MONOTONIC, 0); in time.h... yes
checking whether defined(MAP_PRIVATE) is true... yes
checking for uint32_t test_vec __attribute__ ((vector_size (16))) = {0,1,2,3}; in stdint.h... yes
checking for stdio.h... no
Failed commandline was:
--------------------------------------------------
xcrun -sdk iphonesimulator clang conftest.c -m32  -Wall -I. -I$(SRCPATH) -arch i386 -mios-simulator-version-min=9.0 -std=gnu99 -D_GNU_SOURCE -mstack-alignment=64 -fPIC  -Werror=unknown-warning-option -shared -Wl,-Bsymbolic  -m32  -arch i386 -mios-simulator-version-min=9.0 -lm -lpthread -o conftest
ld: unknown option: -Bsymbolic
clang: error: linker command failed with exit code 1 (use -v to see invocation)
--------------------------------------------------
Failed program was:
--------------------------------------------------
#include <stdio.h>
int main (void) {  return 0; }
--------------------------------------------------
checking for -fno-tree-vectorize... yes
checking for fseeko(stdin,0,0); in stdio.h... yes
checking for -Wshadow... yes
checking for -Wmaybe-uninitialized... no
Failed commandline was:
--------------------------------------------------
xcrun -sdk iphonesimulator clang conftest.c -Wshadow -O3 -ffast-math -m32  -Wall -I. -I$(SRCPATH) -arch i386 -mios-simulator-version-min=9.0 -std=gnu99 -D_GNU_SOURCE -mstack-alignment=64 -fPIC -fomit-frame-pointer -fno-tree-vectorize  -Werror=unknown-warning-option -Wmaybe-uninitialized  -m32  -arch i386 -mios-simulator-version-min=9.0 -lm -lpthread -o conftest
error: unknown warning option '-Wmaybe-uninitialized'; did you mean '-Wuninitialized'? [-Werror,-Wunknown-warning-option]
--------------------------------------------------
Failed program was:
--------------------------------------------------
int main (void) {  return 0; }
--------------------------------------------------

platform:      X86
byte order:    little-endian
system:        MACOSX
cli:           no
libx264:       internal
shared:        yes
static:        yes
asm:           no
interlaced:    yes
avs:           no
lavf:          no
ffms:          no
mp4:           no
gpl:           yes
thread:        posix
opencl:        yes
filters:       crop select_every
lto:           no
debug:         no
gprof:         no
strip:         no
PIC:           yes
bit depth:     all
chroma format: all
