This file contains any messages produced by compilers while
running configure, to aid debugging if configure makes a mistake.

It was created by faac configure 1.29.9.2, which was
generated by GNU Autoconf 2.69.  Invocation command line was

  $ /Users/zhangalan/Desktop/faac/configure --enable-static --with-pic --prefix=/Users/zhangalan/Desktop/thin-faac/x86_64 --disable-shared --without-mp4v2

## --------- ##
## Platform. ##
## --------- ##

hostname = zhangalandeMacBook-Pro.local
uname -m = x86_64
uname -r = 19.0.0
uname -s = Darwin
uname -v = Darwin Kernel Version 19.0.0: Tue Jul 23 01:19:36 PDT 2019; root:xnu-6153.0.103.151.1~4/RELEASE_X86_64

/usr/bin/uname -p = i386
/bin/uname -X     = unknown

/bin/arch              = unknown
/usr/bin/arch -k       = unknown
/usr/convex/getsysinfo = unknown
/usr/bin/hostinfo      = Mach kernel version:
	 Darwin Kernel Version 19.0.0: Tue Jul 23 01:19:36 PDT 2019; root:xnu-6153.0.103.151.1~4/RELEASE_X86_64
Kernel configured for up to 4 processors.
2 processors are physically available.
4 processors are logically available.
Processor type: i486 (Intel 80486)
Processors active: 0 1 2 3
Primary memory available: 8.00 gigabytes
Default processor set: 389 tasks, 1394 threads, 4 processors
Load average: 2.49, Mach factor: 1.67
/bin/machine           = unknown
/usr/bin/oslevel       = unknown
/bin/universe          = unknown

PATH: /usr/local/bin
PATH: /usr/bin
PATH: /bin
PATH: /usr/sbin
PATH: /sbin
PATH: /Library/Apple/usr/bin
PATH: /Library/Apple/bin
PATH: /usr/local/go/bin


## ----------- ##
## Core tests. ##
## ----------- ##

configure:2572: checking for a BSD-compatible install
configure:2640: result: /usr/bin/install -c
configure:2651: checking whether build environment is sane
configure:2706: result: yes
configure:2857: checking for a thread-safe mkdir -p
configure:2896: result: /Users/zhangalan/Desktop/faac/./install-sh -c -d
configure:2903: checking for gawk
configure:2933: result: no
configure:2903: checking for mawk
configure:2933: result: no
configure:2903: checking for nawk
configure:2933: result: no
configure:2903: checking for awk
configure:2919: found /usr/bin/awk
configure:2930: result: awk
configure:2941: checking whether make sets $(MAKE)
configure:2963: result: yes
configure:2992: checking whether make supports nested variables
configure:3009: result: yes
configure:3201: checking for gcc
configure:3228: result: xcrun -sdk iphonesimulator clang -Wno-error=unused-command-line-argument-hard-error-in-future
configure:3457: checking for C compiler version
configure:3466: xcrun -sdk iphonesimulator clang -Wno-error=unused-command-line-argument-hard-error-in-future --version >&5
Apple clang version 11.0.0 (clang-1100.0.32.5)
Target: x86_64-apple-darwin19.0.0
Thread model: posix
InstalledDir: /Applications/Xcode.app/Contents/Developer/Toolchains/XcodeDefault.xctoolchain/usr/bin
configure:3477: $? = 0
configure:3466: xcrun -sdk iphonesimulator clang -Wno-error=unused-command-line-argument-hard-error-in-future -v >&5
Apple clang version 11.0.0 (clang-1100.0.32.5)
Target: x86_64-apple-darwin19.0.0
Thread model: posix
InstalledDir: /Applications/Xcode.app/Contents/Developer/Toolchains/XcodeDefault.xctoolchain/usr/bin
configure:3477: $? = 0
configure:3466: xcrun -sdk iphonesimulator clang -Wno-error=unused-command-line-argument-hard-error-in-future -V >&5
clang: error: unsupported option '-V -Wno-framework-include-private-from-public'
clang: error: no input files
configure:3477: $? = 1
configure:3466: xcrun -sdk iphonesimulator clang -Wno-error=unused-command-line-argument-hard-error-in-future -qversion >&5
clang: error: unknown argument '-qversion', did you mean '--version'?
clang: error: no input files
configure:3477: $? = 1
configure:3497: checking whether the C compiler works
configure:3519: xcrun -sdk iphonesimulator clang -Wno-error=unused-command-line-argument-hard-error-in-future -arch x86_64 -mios-simulator-version-min=7.0 -arch x86_64 -mios-simulator-version-min=7.0 -arch x86_64 -mios-simulator-version-min=7.0 conftest.c  >&5
warning: unknown warning option '-Werror=unused-command-line-argument-hard-error-in-future'; did you mean '-Werror=unused-command-line-argument'? [-Wunknown-warning-option]
1 warning generated.
ld: warning: OS version (7.0.0) too small, changing to 8.0.0
configure:3523: $? = 0
configure:3571: result: yes
configure:3574: checking for C compiler default output file name
configure:3576: result: a.out
configure:3582: checking for suffix of executables
configure:3589: xcrun -sdk iphonesimulator clang -Wno-error=unused-command-line-argument-hard-error-in-future -o conftest -arch x86_64 -mios-simulator-version-min=7.0 -arch x86_64 -mios-simulator-version-min=7.0 -arch x86_64 -mios-simulator-version-min=7.0 conftest.c  >&5
warning: unknown warning option '-Werror=unused-command-line-argument-hard-error-in-future'; did you mean '-Werror=unused-command-line-argument'? [-Wunknown-warning-option]
1 warning generated.
ld: warning: OS version (7.0.0) too small, changing to 8.0.0
configure:3593: $? = 0
configure:3615: result: 
configure:3637: checking whether we are cross compiling
configure:3645: xcrun -sdk iphonesimulator clang -Wno-error=unused-command-line-argument-hard-error-in-future -o conftest -arch x86_64 -mios-simulator-version-min=7.0 -arch x86_64 -mios-simulator-version-min=7.0 -arch x86_64 -mios-simulator-version-min=7.0 conftest.c  >&5
warning: unknown warning option '-Werror=unused-command-line-argument-hard-error-in-future'; did you mean '-Werror=unused-command-line-argument'? [-Wunknown-warning-option]
1 warning generated.
ld: warning: OS version (7.0.0) too small, changing to 8.0.0
configure:3649: $? = 0
configure:3656: ./conftest
dyld: attempt to run simulator program outside simulator (DYLD_ROOT_PATH not set)
/Users/zhangalan/Desktop/faac/configure: line 3658: 26990 Abort trap: 6           ./conftest$ac_cv_exeext
configure:3660: $? = 134
configure:3667: error: in `/Users/zhangalan/Desktop/scratch-faac/x86_64':
configure:3669: error: cannot run C compiled programs.
If you meant to cross compile, use `--host'.
See `config.log' for more details

## ---------------- ##
## Cache variables. ##
## ---------------- ##

ac_cv_env_CCC_set=
ac_cv_env_CCC_value=
ac_cv_env_CC_set=set
ac_cv_env_CC_value='xcrun -sdk iphonesimulator clang -Wno-error=unused-command-line-argument-hard-error-in-future'
ac_cv_env_CFLAGS_set=set
ac_cv_env_CFLAGS_value='-arch x86_64 -mios-simulator-version-min=7.0'
ac_cv_env_CPPFLAGS_set=set
ac_cv_env_CPPFLAGS_value='-arch x86_64 -mios-simulator-version-min=7.0'
ac_cv_env_CPP_set=
ac_cv_env_CPP_value=
ac_cv_env_CXXCPP_set=
ac_cv_env_CXXCPP_value=
ac_cv_env_CXXFLAGS_set=set
ac_cv_env_CXXFLAGS_value='-arch x86_64 -mios-simulator-version-min=7.0'
ac_cv_env_CXX_set=set
ac_cv_env_CXX_value='xcrun -sdk iphonesimulator clang -Wno-error=unused-command-line-argument-hard-error-in-future'
ac_cv_env_LDFLAGS_set=set
ac_cv_env_LDFLAGS_value='-arch x86_64 -mios-simulator-version-min=7.0'
ac_cv_env_LIBS_set=
ac_cv_env_LIBS_value=
ac_cv_env_LT_SYS_LIBRARY_PATH_set=
ac_cv_env_LT_SYS_LIBRARY_PATH_value=
ac_cv_env_build_alias_set=
ac_cv_env_build_alias_value=
ac_cv_env_host_alias_set=
ac_cv_env_host_alias_value=
ac_cv_env_target_alias_set=
ac_cv_env_target_alias_value=
ac_cv_path_install='/usr/bin/install -c'
ac_cv_prog_AWK=awk
ac_cv_prog_ac_ct_CC='xcrun -sdk iphonesimulator clang -Wno-error=unused-command-line-argument-hard-error-in-future'
ac_cv_prog_make_make_set=yes
am_cv_make_support_nested_variables=yes

## ----------------- ##
## Output variables. ##
## ----------------- ##

ACLOCAL='${SHELL} /Users/zhangalan/Desktop/faac/missing aclocal-1.15'
AMDEPBACKSLASH=''
AMDEP_FALSE=''
AMDEP_TRUE=''
AMTAR='$${TAR-tar}'
AM_BACKSLASH='\'
AM_DEFAULT_V='$(AM_DEFAULT_VERBOSITY)'
AM_DEFAULT_VERBOSITY='1'
AM_V='$(V)'
AR=''
AUTOCONF='${SHELL} /Users/zhangalan/Desktop/faac/missing autoconf'
AUTOHEADER='${SHELL} /Users/zhangalan/Desktop/faac/missing autoheader'
AUTOMAKE='${SHELL} /Users/zhangalan/Desktop/faac/missing automake-1.15'
AWK='awk'
CC='xcrun -sdk iphonesimulator clang -Wno-error=unused-command-line-argument-hard-error-in-future'
CCDEPMODE=''
CFLAGS='-arch x86_64 -mios-simulator-version-min=7.0'
CPP=''
CPPFLAGS='-arch x86_64 -mios-simulator-version-min=7.0'
CPUSSE_FALSE=''
CPUSSE_TRUE=''
CXX='xcrun -sdk iphonesimulator clang -Wno-error=unused-command-line-argument-hard-error-in-future'
CXXCPP=''
CXXDEPMODE=''
CXXFLAGS='-arch x86_64 -mios-simulator-version-min=7.0'
CYGPATH_W='echo'
DEFS=''
DEPDIR=''
DLLTOOL=''
DSYMUTIL=''
DUMPBIN=''
ECHO_C='\c'
ECHO_N=''
ECHO_T=''
EGREP=''
EXEEXT=''
FGREP=''
GREP=''
INSTALL_DATA='${INSTALL} -m 644'
INSTALL_PROGRAM='${INSTALL}'
INSTALL_SCRIPT='${INSTALL}'
INSTALL_STRIP_PROGRAM='$(install_sh) -c -s'
LD=''
LDFLAGS='-arch x86_64 -mios-simulator-version-min=7.0'
LIBOBJS=''
LIBS=''
LIBTOOL=''
LIPO=''
LN_S=''
LTLIBOBJS=''
LT_SYS_LIBRARY_PATH=''
MAKEINFO='${SHELL} /Users/zhangalan/Desktop/faac/missing makeinfo'
MANIFEST_TOOL=''
MINGW_FALSE=''
MINGW_TRUE=''
MKDIR_P='/Users/zhangalan/Desktop/faac/./install-sh -c -d'
NM=''
NMEDIT=''
OBJDUMP=''
OBJEXT=''
OTOOL64=''
OTOOL=''
PACKAGE='faac'
PACKAGE_BUGREPORT='https://sourceforge.net/p/faac/bugs/'
PACKAGE_NAME='faac'
PACKAGE_STRING='faac 1.29.9.2'
PACKAGE_TARNAME='faac'
PACKAGE_URL=''
PACKAGE_VERSION='1.29.9.2'
PATH_SEPARATOR=':'
RANLIB=''
SED=''
SET_MAKE=''
SHELL='/bin/sh'
STRIP=''
USE_DRM_FALSE=''
USE_DRM_TRUE=''
VERSION='1.29.9.2'
WINDRES=''
ac_ct_AR=''
ac_ct_CC='xcrun -sdk iphonesimulator clang -Wno-error=unused-command-line-argument-hard-error-in-future'
ac_ct_CXX=''
ac_ct_DUMPBIN=''
am__EXEEXT_FALSE=''
am__EXEEXT_TRUE=''
am__fastdepCC_FALSE=''
am__fastdepCC_TRUE=''
am__fastdepCXX_FALSE=''
am__fastdepCXX_TRUE=''
am__include=''
am__isrc=' -I$(srcdir)'
am__leading_dot='.'
am__nodep=''
am__quote=''
am__tar='$${TAR-tar} chof - "$$tardir"'
am__untar='$${TAR-tar} xf -'
bindir='${exec_prefix}/bin'
build=''
build_alias=''
build_cpu=''
build_os=''
build_vendor=''
datadir='${datarootdir}'
datarootdir='${prefix}/share'
docdir='${datarootdir}/doc/${PACKAGE_TARNAME}'
dvidir='${docdir}'
exec_prefix='NONE'
host=''
host_alias=''
host_cpu=''
host_os=''
host_vendor=''
htmldir='${docdir}'
includedir='${prefix}/include'
infodir='${datarootdir}/info'
install_sh='${SHELL} /Users/zhangalan/Desktop/faac/install-sh'
libdir='${exec_prefix}/lib'
libexecdir='${exec_prefix}/libexec'
localedir='${datarootdir}/locale'
localstatedir='${prefix}/var'
mandir='${datarootdir}/man'
mkdir_p='$(MKDIR_P)'
oldincludedir='/usr/include'
pdfdir='${docdir}'
prefix='/Users/zhangalan/Desktop/thin-faac/x86_64'
program_transform_name='s,x,x,'
psdir='${docdir}'
runstatedir='${localstatedir}/run'
sbindir='${exec_prefix}/sbin'
sharedstatedir='${prefix}/com'
sysconfdir='${prefix}/etc'
target_alias=''

## ----------- ##
## confdefs.h. ##
## ----------- ##

/* confdefs.h */
#define PACKAGE_NAME "faac"
#define PACKAGE_TARNAME "faac"
#define PACKAGE_VERSION "1.29.9.2"
#define PACKAGE_STRING "faac 1.29.9.2"
#define PACKAGE_BUGREPORT "https://sourceforge.net/p/faac/bugs/"
#define PACKAGE_URL ""
#define PACKAGE "faac"
#define VERSION "1.29.9.2"

configure: exit 1
